[2020-02-07 17:59:02] [INFO] MusicApp starting...
[2020-02-07 17:59:02] [INFO] Loading track 1/3: 1000Hz_OnlineSound.net.wav
[2020-02-07 17:59:02] [INFO] wsola_init: WSOLA state initialized successfully. N=1323, No=661, Ha=662, Sw=661, InputRingCap=15957
[2020-02-07 17:59:02] [WARNING] wsola_init: *state_ptr is not NULL. Potential memory leak. Destroying existing state first.
[2020-02-07 17:59:02] [INFO] wsola_destroy: WSOLA state destroyed.
[2020-02-07 17:59:02] [INFO] wsola_init: WSOLA state initialized successfully. N=1323, No=661, Ha=662, Sw=661, InputRingCap=15957
[2020-02-07 17:59:02] [INFO] Volume control initialized. Use '+' to increase, '-' to decrease volume. 'p' to pause/resume. ',' for prev, '.' for next track. '['/']' for speed. '1'/'2'/'3' for EQ.
[2020-02-07 17:59:02] [INFO] Making private copy of buffer for ALSA write (source was not fresh speed-change malloc).
[2020-02-07 17:59:02] [TRACE] ALSA_CHUNK 0 frames=12288 crc=8ff7
[2020-02-07 17:59:02] [INFO] Making private copy of buffer for ALSA write (source was not fresh speed-change malloc).
[2020-02-07 17:59:02] [TRACE] ALSA_CHUNK 1 frames=12288 crc=ffffffffffff3655
[2020-02-07 17:59:02] [INFO] Making private copy of buffer for ALSA write (source was not fresh speed-change malloc).
[2020-02-07 17:59:02] [TRACE] ALSA_CHUNK 2 frames=12288 crc=2e0db
[2020-02-07 17:59:02] [INFO] Making private copy of buffer for ALSA write (source was not fresh speed-change malloc).
[2020-02-07 17:59:02] [WARNING] ALSA CHECK: PCM delay (13837 frames) > frames_for_alsa (12288 frames).
[2020-02-07 17:59:02] [TRACE] ALSA_CHUNK 3 frames=12288 crc=fffffffffffd1ac4
[2020-02-07 17:59:03] [INFO] Playback speed: 0.5x
[2020-02-07 17:59:03] [DEBUG] find_best_match: Final offset=0, Correlation=0.9999, ConsecLowCorr=0
[2020-02-07 17:59:03] [DBG_OLA] 0: old0=0 new0=0 sum0_calc=0 (raw_ll=0)
[2020-02-07 17:59:03] [DEBUG] WSOLA_DISCARD_CHECK: iter=1, min_retain_abs=2, ring_start_abs=0, content_before=12288, samples_to_discard_calc=2
[2020-02-07 17:59:03] [DEBUG] WSOLA_DISCARD_DONE: iter=1, discarded=2, new_ring_start_abs=2, new_read_pos=2, new_content=12286
[2020-02-07 17:59:03] [DEBUG] find_best_match: Final offset=0, Correlation=0.9999, ConsecLowCorr=0
[2020-02-07 17:59:03] [DBG_OLA] 1: old0=12541 new0=0 sum0_calc=12541 (raw_ll=12541)
[2020-02-07 17:59:03] [DEBUG] WSOLA_DISCARD_CHECK: iter=2, min_retain_abs=1326, ring_start_abs=2, content_before=12286, samples_to_discard_calc=1324
[2020-02-07 17:59:03] [DEBUG] WSOLA_DISCARD_DONE: iter=2, discarded=1324, new_ring_start_abs=1326, new_read_pos=1326, new_content=10962
[2020-02-07 17:59:03] [DEBUG] find_best_match: Final offset=0, Correlation=0.9999, ConsecLowCorr=0
[2020-02-07 17:59:03] [DBG_OLA] 2: old0=10908 new0=0 sum0_calc=10908 (raw_ll=10908)
[2020-02-07 17:59:03] [DEBUG] WSOLA_DISCARD_CHECK: iter=3, min_retain_abs=2650, ring_start_abs=1326, content_before=10962, samples_to_discard_calc=1324
[2020-02-07 17:59:03] [DEBUG] WSOLA_DISCARD_DONE: iter=3, discarded=1324, new_ring_start_abs=2650, new_read_pos=2650, new_content=9638
[2020-02-07 17:59:03] [DEBUG] find_best_match: Final offset=0, Correlation=0.9999, ConsecLowCorr=0
[2020-02-07 17:59:03] [DBG_OLA] 3: old0=10908 new0=0 sum0_calc=10908 (raw_ll=10908)
[2020-02-07 17:59:03] [DEBUG] WSOLA_DISCARD_CHECK: iter=4, min_retain_abs=3974, ring_start_abs=2650, content_before=9638, samples_to_discard_calc=1324
[2020-02-07 17:59:03] [DEBUG] WSOLA_DISCARD_DONE: iter=4, discarded=1324, new_ring_start_abs=3974, new_read_pos=3974, new_content=8314
[2020-02-07 17:59:03] [DEBUG] find_best_match: Final offset=0, Correlation=0.9999, ConsecLowCorr=0
[2020-02-07 17:59:03] [DBG_OLA] 4: old0=10908 new0=0 sum0_calc=10908 (raw_ll=10908)
[2020-02-07 17:59:03] [DEBUG] WSOLA_DISCARD_CHECK: iter=5, min_retain_abs=5298, ring_start_abs=3974, content_before=8314, samples_to_discard_calc=1324
[2020-02-07 17:59:03] [DEBUG] WSOLA_DISCARD_DONE: iter=5, discarded=1324, new_ring_start_abs=5298, new_read_pos=5298, new_content=6990
[2020-02-07 17:59:03] [DEBUG] find_best_match: Final offset=0, Correlation=0.9999, ConsecLowCorr=0
[2020-02-07 17:59:03] [DBG_OLA] 5: old0=10908 new0=0 sum0_calc=10908 (raw_ll=10908)
[2020-02-07 17:59:03] [DEBUG] WSOLA_DISCARD_CHECK: iter=6, min_retain_abs=6622, ring_start_abs=5298, content_before=6990, samples_to_discard_calc=1324
[2020-02-07 17:59:03] [DEBUG] WSOLA_DISCARD_DONE: iter=6, discarded=1324, new_ring_start_abs=6622, new_read_pos=6622, new_content=5666
[2020-02-07 17:59:03] [DEBUG] find_best_match: Final offset=0, Correlation=0.9999, ConsecLowCorr=0
[2020-02-07 17:59:03] [DBG_OLA] 6: old0=10908 new0=0 sum0_calc=10908 (raw_ll=10908)
[2020-02-07 17:59:03] [DEBUG] WSOLA_DISCARD_CHECK: iter=7, min_retain_abs=7946, ring_start_abs=6622, content_before=5666, samples_to_discard_calc=1324
[2020-02-07 17:59:03] [DEBUG] WSOLA_DISCARD_DONE: iter=7, discarded=1324, new_ring_start_abs=7946, new_read_pos=7946, new_content=4342
[2020-02-07 17:59:03] [DEBUG] find_best_match: Final offset=0, Correlation=0.9999, ConsecLowCorr=0
[2020-02-07 17:59:03] [DBG_OLA] 7: old0=10908 new0=0 sum0_calc=10908 (raw_ll=10908)
[2020-02-07 17:59:03] [DEBUG] WSOLA_DISCARD_CHECK: iter=8, min_retain_abs=9270, ring_start_abs=7946, content_before=4342, samples_to_discard_calc=1324
[2020-02-07 17:59:03] [DEBUG] WSOLA_DISCARD_DONE: iter=8, discarded=1324, new_ring_start_abs=9270, new_read_pos=9270, new_content=3018
[2020-02-07 17:59:03] [DEBUG] WSOLA_PROCESS_EXIT: loop_iters=9, output_written=5288, input_content_end=3018, next_ideal_start=10592
[2020-02-07 17:59:03] [WARNING] ALSA CHECK: PCM delay (13668 frames) > frames_for_alsa (5288 frames).
[2020-02-07 17:59:03] [TRACE] ALSA_CHUNK 4 frames=5288 crc=fffffffffff4f357
[2020-02-07 17:59:03] [DEBUG] find_best_match: Final offset=6, Correlation=0.3534, ConsecLowCorr=0
[2020-02-07 17:59:03] [DBG_OLA] 8: old0=10908 new0=0 sum0_calc=10908 (raw_ll=10908)
[2020-02-07 17:59:03] [DEBUG] WSOLA_DISCARD_CHECK: iter=1, min_retain_abs=10594, ring_start_abs=9931, content_before=14645, samples_to_discard_calc=663
[2020-02-07 17:59:03] [DEBUG] WSOLA_DISCARD_DONE: iter=1, discarded=663, new_ring_start_abs=10594, new_read_pos=10594, new_content=13982
[2020-02-07 17:59:03] [DEBUG] find_best_match: Final offset=-567, Correlation=0.3363, ConsecLowCorr=0
[2020-02-07 17:59:03] [DBG_OLA] 9: old0=9631 new0=0 sum0_calc=9631 (raw_ll=9631)
[2020-02-07 17:59:03] [DEBUG] WSOLA_DISCARD_CHECK: iter=2, min_retain_abs=11918, ring_start_abs=10594, content_before=13982, samples_to_discard_calc=1324
[2020-02-07 17:59:03] [DEBUG] WSOLA_DISCARD_DONE: iter=2, discarded=1324, new_ring_start_abs=11918, new_read_pos=11918, new_content=12658
[2020-02-07 17:59:03] [DEBUG] find_best_match: Final offset=-567, Correlation=0.3531, ConsecLowCorr=0
[2020-02-07 17:59:03] [DEBUG] WSOLA_DISCARD_CHECK: iter=3, min_retain_abs=13242, ring_start_abs=11918, content_before=12658, samples_to_discard_calc=1324
[2020-02-07 17:59:03] [DEBUG] WSOLA_DISCARD_DONE: iter=3, discarded=1324, new_ring_start_abs=13242, new_read_pos=13242, new_content=11334
[2020-02-07 17:59:03] [DEBUG] find_best_match: Final offset=-567, Correlation=0.3531, ConsecLowCorr=0
[2020-02-07 17:59:03] [DEBUG] WSOLA_DISCARD_CHECK: iter=4, min_retain_abs=14566, ring_start_abs=13242, content_before=11334, samples_to_discard_calc=1324
[2020-02-07 17:59:03] [DEBUG] WSOLA_DISCARD_DONE: iter=4, discarded=1324, new_ring_start_abs=14566, new_read_pos=14566, new_content=10010
[2020-02-07 17:59:03] [DEBUG] find_best_match: Final offset=-567, Correlation=0.3531, ConsecLowCorr=0
[2020-02-07 17:59:03] [DEBUG] WSOLA_DISCARD_CHECK: iter=5, min_retain_abs=15890, ring_start_abs=14566, content_before=10010, samples_to_discard_calc=1324
[2020-02-07 17:59:03] [DEBUG] WSOLA_DISCARD_DONE: iter=5, discarded=1324, new_ring_start_abs=15890, new_read_pos=15890, new_content=8686
[2020-02-07 17:59:03] [DEBUG] find_best_match: Final offset=-567, Correlation=0.3531, ConsecLowCorr=0
[2020-02-07 17:59:03] [DEBUG] WSOLA_DISCARD_CHECK: iter=6, min_retain_abs=17214, ring_start_abs=15890, content_before=8686, samples_to_discard_calc=1324
[2020-02-07 17:59:03] [DEBUG] WSOLA_DISCARD_DONE: iter=6, discarded=1324, new_ring_start_abs=17214, new_read_pos=1257, new_content=7362
[2020-02-07 17:59:03] [DEBUG] find_best_match: Final offset=-567, Correlation=0.3531, ConsecLowCorr=0
[2020-02-07 17:59:03] [DEBUG] WSOLA_DISCARD_CHECK: iter=7, min_retain_abs=18538, ring_start_abs=17214, content_before=7362, samples_to_discard_calc=1324
[2020-02-07 17:59:03] [DEBUG] WSOLA_DISCARD_DONE: iter=7, discarded=1324, new_ring_start_abs=18538, new_read_pos=2581, new_content=6038
[2020-02-07 17:59:03] [DEBUG] find_best_match: Final offset=-567, Correlation=0.3531, ConsecLowCorr=0
[2020-02-07 17:59:03] [DEBUG] WSOLA_DISCARD_CHECK: iter=8, min_retain_abs=19862, ring_start_abs=18538, content_before=6038, samples_to_discard_calc=1324
[2020-02-07 17:59:03] [DEBUG] WSOLA_DISCARD_DONE: iter=8, discarded=1324, new_ring_start_abs=19862, new_read_pos=3905, new_content=4714
[2020-02-07 17:59:03] [DEBUG] find_best_match: Final offset=-567, Correlation=0.3531, ConsecLowCorr=0
[2020-02-07 17:59:03] [DEBUG] WSOLA_DISCARD_CHECK: iter=9, min_retain_abs=21186, ring_start_abs=19862, content_before=4714, samples_to_discard_calc=1324
[2020-02-07 17:59:03] [DEBUG] WSOLA_DISCARD_DONE: iter=9, discarded=1324, new_ring_start_abs=21186, new_read_pos=5229, new_content=3390
[2020-02-07 17:59:03] [DEBUG] find_best_match: Final offset=-567, Correlation=0.3531, ConsecLowCorr=0
[2020-02-07 17:59:03] [DEBUG] WSOLA_DISCARD_CHECK: iter=10, min_retain_abs=22510, ring_start_abs=21186, content_before=3390, samples_to_discard_calc=1324
[2020-02-07 17:59:03] [DEBUG] WSOLA_DISCARD_DONE: iter=10, discarded=1324, new_ring_start_abs=22510, new_read_pos=6553, new_content=2066
[2020-02-07 17:59:03] [DEBUG] WSOLA_PROCESS_EXIT: loop_iters=11, output_written=6610, input_content_end=2066, next_ideal_start=23832
[2020-02-07 17:59:03] [TRACE] ALSA_CHUNK 5 frames=6610 crc=ffffffffffffc672
[2020-02-07 17:59:03] [WARNING] ALSA underrun occurred (EPIPE), preparing interface.
[2020-02-07 17:59:03] [DEBUG] find_best_match: Final offset=498, Correlation=0.3212, ConsecLowCorr=0
[2020-02-07 17:59:03] [DEBUG] WSOLA_DISCARD_CHECK: iter=1, min_retain_abs=23834, ring_start_abs=23171, content_before=13693, samples_to_discard_calc=663
[2020-02-07 17:59:03] [DEBUG] WSOLA_DISCARD_DONE: iter=1, discarded=663, new_ring_start_abs=23834, new_read_pos=7877, new_content=13030
[2020-02-07 17:59:04] [DEBUG] find_best_match: Final offset=498, Correlation=0.3538, ConsecLowCorr=0
[2020-02-07 17:59:04] [DEBUG] WSOLA_DISCARD_CHECK: iter=2, min_retain_abs=25158, ring_start_abs=23834, content_before=13030, samples_to_discard_calc=1324
[2020-02-07 17:59:04] [DEBUG] WSOLA_DISCARD_DONE: iter=2, discarded=1324, new_ring_start_abs=25158, new_read_pos=9201, new_content=11706
