[2020-02-08 00:46:28] [INFO] MusicApp starting...
[2020-02-08 00:46:28] [INFO] Loading track 1/2: temple_of_love-sisters_of_mercy.wav
[2020-02-08 00:46:28] [INFO] wsola_init: WSOLA state initialized successfully. N=661, No=495, Ha=166, Sw=330, InputRingCap=14633
[2020-02-08 00:46:28] [WARNING] wsola_init: *state_ptr is not NULL. Potential memory leak. Destroying existing state first.
[2020-02-08 00:46:28] [INFO] wsola_destroy: WSOLA state destroyed.
[2020-02-08 00:46:28] [INFO] wsola_init: WSOLA state initialized successfully. N=661, No=495, Ha=166, Sw=330, InputRingCap=14633
[2020-02-08 00:46:28] [INFO] Volume control initialized. Use '+' to increase, '-' to decrease volume. 'p' to pause/resume. ',' for prev, '.' for next track. '['/']' for speed. '1'/'2'/'3' for EQ.
[2020-02-08 00:46:29] [INFO] Playback speed: 1.5x
[2020-02-08 00:46:29] [DEBUG] MainLoop: Using WSOLA for speed 1.50x
[2020-02-08 00:46:29] [DEBUG] WSOLA_PROCESS_ENTRY: num_input=12288, max_output=25237, current_speed=1.50, H_s_eff=111, input_content_start=12288
[2020-02-08 00:46:29] [DEBUG] WSOLA_PROCESS_LOOP_ITER: iter=1, out_written=0, H_s_eff=111
[2020-02-08 00:46:29] [DEBUG] find_best_match: Final offset=0, Correlation=0.9999, ConsecLowCorr=0
[2020-02-08 00:46:29] [DEBUG] WSOLA: Generated new synthesis window, length=661
[2020-02-08 00:46:29] [DEBUG] WSOLA: Generated new constant-power crossfade windows, length=495
[2020-02-08 00:46:29] [DEBUG] WSOLA_DISCARD_CHECK: iter=1, min_retain_abs=0, ring_start_abs=0, content_before=12288, samples_to_discard_calc=0
[2020-02-08 00:46:29] [DEBUG] WSOLA_PROCESS_LOOP_ITER: iter=2, out_written=111, H_s_eff=111
[2020-02-08 00:46:29] [DEBUG] find_best_match: Final offset=0, Correlation=0.9999, ConsecLowCorr=0
[2020-02-08 00:46:29] [DEBUG] WSOLA_DISCARD_CHECK: iter=2, min_retain_abs=0, ring_start_abs=0, content_before=12288, samples_to_discard_calc=0
[2020-02-08 00:46:29] [DEBUG] WSOLA_PROCESS_LOOP_ITER: iter=3, out_written=222, H_s_eff=111
[2020-02-08 00:46:29] [DEBUG] find_best_match: Final offset=0, Correlation=0.9999, ConsecLowCorr=0
[2020-02-08 00:46:29] [DEBUG] WSOLA_DISCARD_CHECK: iter=3, min_retain_abs=0, ring_start_abs=0, content_before=12288, samples_to_discard_calc=0
[2020-02-08 00:46:29] [DEBUG] WSOLA_PROCESS_LOOP_ITER: iter=4, out_written=333, H_s_eff=111
[2020-02-08 00:46:29] [DEBUG] find_best_match: Final offset=0, Correlation=0.9999, ConsecLowCorr=0
[2020-02-08 00:46:29] [DEBUG] WSOLA_DISCARD_CHECK: iter=4, min_retain_abs=0, ring_start_abs=0, content_before=12288, samples_to_discard_calc=0
[2020-02-08 00:46:29] [DEBUG] WSOLA_PROCESS_LOOP_ITER: iter=5, out_written=444, H_s_eff=111
[2020-02-08 00:46:29] [DEBUG] find_best_match: Final offset=0, Correlation=0.9999, ConsecLowCorr=0
[2020-02-08 00:46:29] [DEBUG] WSOLA_DISCARD_CHECK: iter=5, min_retain_abs=5, ring_start_abs=0, content_before=12288, samples_to_discard_calc=5
[2020-02-08 00:46:29] [DEBUG] WSOLA_DISCARD_DONE: iter=5, discarded=5, new_ring_start_abs=5, new_read_pos=5, new_content=12283
[2020-02-08 00:46:29] [DEBUG] WSOLA_PROCESS_LOOP_ITER: iter=6, out_written=555, H_s_eff=111
[2020-02-08 00:46:29] [DEBUG] find_best_match: Final offset=0, Correlation=0.9999, ConsecLowCorr=0
[2020-02-08 00:46:29] [DEBUG] WSOLA_DISCARD_CHECK: iter=6, min_retain_abs=171, ring_start_abs=5, content_before=12283, samples_to_discard_calc=166
[2020-02-08 00:46:29] [DEBUG] WSOLA_DISCARD_DONE: iter=6, discarded=166, new_ring_start_abs=171, new_read_pos=171, new_content=12117
[2020-02-08 00:46:29] [DEBUG] WSOLA_PROCESS_LOOP_ITER: iter=7, out_written=666, H_s_eff=111
[2020-02-08 00:46:29] [DEBUG] find_best_match: Final offset=0, Correlation=0.9999, ConsecLowCorr=0
[2020-02-08 00:46:29] [DEBUG] WSOLA_DISCARD_CHECK: iter=7, min_retain_abs=337, ring_start_abs=171, content_before=12117, samples_to_discard_calc=166
[2020-02-08 00:46:29] [DEBUG] WSOLA_DISCARD_DONE: iter=7, discarded=166, new_ring_start_abs=337, new_read_pos=337, new_content=11951
[2020-02-08 00:46:29] [DEBUG] WSOLA_PROCESS_LOOP_ITER: iter=8, out_written=777, H_s_eff=111
[2020-02-08 00:46:29] [DEBUG] find_best_match: Final offset=0, Correlation=0.9999, ConsecLowCorr=0
[2020-02-08 00:46:29] [DEBUG] WSOLA_DISCARD_CHECK: iter=8, min_retain_abs=503, ring_start_abs=337, content_before=11951, samples_to_discard_calc=166
[2020-02-08 00:46:29] [DEBUG] WSOLA_DISCARD_DONE: iter=8, discarded=166, new_ring_start_abs=503, new_read_pos=503, new_content=11785
[2020-02-08 00:46:29] [DEBUG] WSOLA_PROCESS_LOOP_ITER: iter=9, out_written=888, H_s_eff=111
[2020-02-08 00:46:29] [DEBUG] find_best_match: Final offset=0, Correlation=0.9999, ConsecLowCorr=0
[2020-02-08 00:46:29] [DEBUG] WSOLA_DISCARD_CHECK: iter=9, min_retain_abs=669, ring_start_abs=503, content_before=11785, samples_to_discard_calc=166
[2020-02-08 00:46:29] [DEBUG] WSOLA_DISCARD_DONE: iter=9, discarded=166, new_ring_start_abs=669, new_read_pos=669, new_content=11619
[2020-02-08 00:46:29] [DEBUG] WSOLA_PROCESS_LOOP_ITER: iter=10, out_written=999, H_s_eff=111
[2020-02-08 00:46:29] [DEBUG] find_best_match: Final offset=0, Correlation=0.9999, ConsecLowCorr=0
[2020-02-08 00:46:29] [DEBUG] WSOLA_DISCARD_CHECK: iter=10, min_retain_abs=835, ring_start_abs=669, content_before=11619, samples_to_discard_calc=166
[2020-02-08 00:46:29] [DEBUG] WSOLA_DISCARD_DONE: iter=10, discarded=166, new_ring_start_abs=835, new_read_pos=835, new_content=11453
[2020-02-08 00:46:29] [DEBUG] WSOLA_PROCESS_LOOP_ITER: iter=11, out_written=1110, H_s_eff=111
[2020-02-08 00:46:29] [DEBUG] find_best_match: Final offset=0, Correlation=0.9999, ConsecLowCorr=0
[2020-02-08 00:46:29] [DEBUG] WSOLA_DISCARD_CHECK: iter=11, min_retain_abs=1001, ring_start_abs=835, content_before=11453, samples_to_discard_calc=166
[2020-02-08 00:46:29] [DEBUG] WSOLA_DISCARD_DONE: iter=11, discarded=166, new_ring_start_abs=1001, new_read_pos=1001, new_content=11287
[2020-02-08 00:46:29] [DEBUG] WSOLA_PROCESS_LOOP_ITER: iter=12, out_written=1221, H_s_eff=111
[2020-02-08 00:46:29] [DEBUG] find_best_match: Final offset=0, Correlation=0.9999, ConsecLowCorr=0
[2020-02-08 00:46:29] [DEBUG] WSOLA_DISCARD_CHECK: iter=12, min_retain_abs=1167, ring_start_abs=1001, content_before=11287, samples_to_discard_calc=166
[2020-02-08 00:46:29] [DEBUG] WSOLA_DISCARD_DONE: iter=12, discarded=166, new_ring_start_abs=1167, new_read_pos=1167, new_content=11121
[2020-02-08 00:46:29] [DEBUG] WSOLA_PROCESS_LOOP_ITER: iter=13, out_written=1332, H_s_eff=111
[2020-02-08 00:46:29] [DEBUG] find_best_match: Final offset=0, Correlation=0.9999, ConsecLowCorr=0
[2020-02-08 00:46:29] [DEBUG] WSOLA_DISCARD_CHECK: iter=13, min_retain_abs=1333, ring_start_abs=1167, content_before=11121, samples_to_discard_calc=166
[2020-02-08 00:46:29] [DEBUG] WSOLA_DISCARD_DONE: iter=13, discarded=166, new_ring_start_abs=1333, new_read_pos=1333, new_content=10955
[2020-02-08 00:46:29] [DEBUG] WSOLA_PROCESS_LOOP_ITER: iter=14, out_written=1443, H_s_eff=111
[2020-02-08 00:46:29] [DEBUG] find_best_match: Final offset=0, Correlation=0.9999, ConsecLowCorr=0
[2020-02-08 00:46:29] [DEBUG] WSOLA_DISCARD_CHECK: iter=14, min_retain_abs=1499, ring_start_abs=1333, content_before=10955, samples_to_discard_calc=166
[2020-02-08 00:46:29] [DEBUG] WSOLA_DISCARD_DONE: iter=14, discarded=166, new_ring_start_abs=1499, new_read_pos=1499, new_content=10789
[2020-02-08 00:46:29] [DEBUG] WSOLA_PROCESS_LOOP_ITER: iter=15, out_written=1554, H_s_eff=111
[2020-02-08 00:46:29] [DEBUG] find_best_match: Final offset=0, Correlation=0.9999, ConsecLowCorr=0
[2020-02-08 00:46:29] [DEBUG] WSOLA_DISCARD_CHECK: iter=15, min_retain_abs=1665, ring_start_abs=1499, content_before=10789, samples_to_discard_calc=166
[2020-02-08 00:46:29] [DEBUG] WSOLA_DISCARD_DONE: iter=15, discarded=166, new_ring_start_abs=1665, new_read_pos=1665, new_content=10623
[2020-02-08 00:46:29] [DEBUG] WSOLA_PROCESS_LOOP_ITER: iter=16, out_written=1665, H_s_eff=111
[2020-02-08 00:46:29] [DEBUG] find_best_match: Final offset=0, Correlation=0.9999, ConsecLowCorr=0
[2020-02-08 00:46:29] [DEBUG] WSOLA_DISCARD_CHECK: iter=16, min_retain_abs=1831, ring_start_abs=1665, content_before=10623, samples_to_discard_calc=166
[2020-02-08 00:46:29] [DEBUG] WSOLA_DISCARD_DONE: iter=16, discarded=166, new_ring_start_abs=1831, new_read_pos=1831, new_content=10457
[2020-02-08 00:46:29] [DEBUG] WSOLA_PROCESS_LOOP_ITER: iter=17, out_written=1776, H_s_eff=111
[2020-02-08 00:46:29] [DEBUG] find_best_match: Final offset=0, Correlation=0.9999, ConsecLowCorr=0
[2020-02-08 00:46:29] [DEBUG] WSOLA_DISCARD_CHECK: iter=17, min_retain_abs=1997, ring_start_abs=1831, content_before=10457, samples_to_discard_calc=166
[2020-02-08 00:46:29] [DEBUG] WSOLA_DISCARD_DONE: iter=17, discarded=166, new_ring_start_abs=1997, new_read_pos=1997, new_content=10291
[2020-02-08 00:46:29] [DEBUG] WSOLA_PROCESS_LOOP_ITER: iter=18, out_written=1887, H_s_eff=111
[2020-02-08 00:46:29] [DEBUG] find_best_match: Final offset=0, Correlation=0.9999, ConsecLowCorr=0
[2020-02-08 00:46:29] [DEBUG] WSOLA_DISCARD_CHECK: iter=18, min_retain_abs=2163, ring_start_abs=1997, content_before=10291, samples_to_discard_calc=166
[2020-02-08 00:46:29] [DEBUG] WSOLA_DISCARD_DONE: iter=18, discarded=166, new_ring_start_abs=2163, new_read_pos=2163, new_content=10125
[2020-02-08 00:46:29] [DEBUG] WSOLA_PROCESS_LOOP_ITER: iter=19, out_written=1998, H_s_eff=111
[2020-02-08 00:46:29] [DEBUG] find_best_match: Final offset=0, Correlation=0.9999, ConsecLowCorr=0
[2020-02-08 00:46:29] [DEBUG] WSOLA_DISCARD_CHECK: iter=19, min_retain_abs=2329, ring_start_abs=2163, content_before=10125, samples_to_discard_calc=166
[2020-02-08 00:46:29] [DEBUG] WSOLA_DISCARD_DONE: iter=19, discarded=166, new_ring_start_abs=2329, new_read_pos=2329, new_content=9959
[2020-02-08 00:46:29] [DEBUG] WSOLA_PROCESS_LOOP_ITER: iter=20, out_written=2109, H_s_eff=111
[2020-02-08 00:46:29] [DEBUG] find_best_match: Final offset=0, Correlation=0.9999, ConsecLowCorr=0
[2020-02-08 00:46:29] [DEBUG] WSOLA_DISCARD_CHECK: iter=20, min_retain_abs=2495, ring_start_abs=2329, content_before=9959, samples_to_discard_calc=166
[2020-02-08 00:46:29] [DEBUG] WSOLA_DISCARD_DONE: iter=20, discarded=166, new_ring_start_abs=2495, new_read_pos=2495, new_content=9793
[2020-02-08 00:46:29] [DEBUG] WSOLA_PROCESS_LOOP_ITER: iter=21, out_written=2220, H_s_eff=111
[2020-02-08 00:46:29] [DEBUG] find_best_match: Final offset=0, Correlation=0.9999, ConsecLowCorr=0
[2020-02-08 00:46:29] [DEBUG] WSOLA_DISCARD_CHECK: iter=21, min_retain_abs=2661, ring_start_abs=2495, content_before=9793, samples_to_discard_calc=166
[2020-02-08 00:46:29] [DEBUG] WSOLA_DISCARD_DONE: iter=21, discarded=166, new_ring_start_abs=2661, new_read_pos=2661, new_content=9627
[2020-02-08 00:46:29] [DEBUG] WSOLA_PROCESS_LOOP_ITER: iter=22, out_written=2331, H_s_eff=111
[2020-02-08 00:46:29] [DEBUG] find_best_match: Final offset=0, Correlation=0.9999, ConsecLowCorr=0
[2020-02-08 00:46:29] [DEBUG] WSOLA_DISCARD_CHECK: iter=22, min_retain_abs=2827, ring_start_abs=2661, content_before=9627, samples_to_discard_calc=166
[2020-02-08 00:46:29] [DEBUG] WSOLA_DISCARD_DONE: iter=22, discarded=166, new_ring_start_abs=2827, new_read_pos=2827, new_content=9461
[2020-02-08 00:46:29] [DEBUG] WSOLA_PROCESS_LOOP_ITER: iter=23, out_written=2442, H_s_eff=111
[2020-02-08 00:46:29] [DEBUG] find_best_match: Final offset=0, Correlation=0.9999, ConsecLowCorr=0
[2020-02-08 00:46:29] [DEBUG] WSOLA_DISCARD_CHECK: iter=23, min_retain_abs=2993, ring_start_abs=2827, content_before=9461, samples_to_discard_calc=166
[2020-02-08 00:46:29] [DEBUG] WSOLA_DISCARD_DONE: iter=23, discarded=166, new_ring_start_abs=2993, new_read_pos=2993, new_content=9295
[2020-02-08 00:46:29] [DEBUG] WSOLA_PROCESS_LOOP_ITER: iter=24, out_written=2553, H_s_eff=111
[2020-02-08 00:46:29] [DEBUG] find_best_match: Final offset=0, Correlation=0.9999, ConsecLowCorr=0
[2020-02-08 00:46:29] [DEBUG] WSOLA_DISCARD_CHECK: iter=24, min_retain_abs=3159, ring_start_abs=2993, content_before=9295, samples_to_discard_calc=166
[2020-02-08 00:46:29] [DEBUG] WSOLA_DISCARD_DONE: iter=24, discarded=166, new_ring_start_abs=3159, new_read_pos=3159, new_content=9129
[2020-02-08 00:46:29] [DEBUG] WSOLA_PROCESS_LOOP_ITER: iter=25, out_written=2664, H_s_eff=111
[2020-02-08 00:46:29] [DEBUG] find_best_match: Final offset=0, Correlation=0.9999, ConsecLowCorr=0
[2020-02-08 00:46:29] [DEBUG] WSOLA_DISCARD_CHECK: iter=25, min_retain_abs=3325, ring_start_abs=3159, content_before=9129, samples_to_discard_calc=166
[2020-02-08 00:46:29] [DEBUG] WSOLA_DISCARD_DONE: iter=25, discarded=166, new_ring_start_abs=3325, new_read_pos=3325, new_content=8963
[2020-02-08 00:46:29] [DEBUG] WSOLA_PROCESS_LOOP_ITER: iter=26, out_written=2775, H_s_eff=111
[2020-02-08 00:46:29] [DEBUG] find_best_match: Final offset=0, Correlation=0.9999, ConsecLowCorr=0
[2020-02-08 00:46:29] [DEBUG] WSOLA_DISCARD_CHECK: iter=26, min_retain_abs=3491, ring_start_abs=3325, content_before=8963, samples_to_discard_calc=166
[2020-02-08 00:46:29] [DEBUG] WSOLA_DISCARD_DONE: iter=26, discarded=166, new_ring_start_abs=3491, new_read_pos=3491, new_content=8797
[2020-02-08 00:46:29] [DEBUG] WSOLA_PROCESS_LOOP_ITER: iter=27, out_written=2886, H_s_eff=111
[2020-02-08 00:46:29] [DEBUG] find_best_match: Final offset=0, Correlation=0.9999, ConsecLowCorr=0
[2020-02-08 00:46:29] [DEBUG] WSOLA_DISCARD_CHECK: iter=27, min_retain_abs=3657, ring_start_abs=3491, content_before=8797, samples_to_discard_calc=166
[2020-02-08 00:46:29] [DEBUG] WSOLA_DISCARD_DONE: iter=27, discarded=166, new_ring_start_abs=3657, new_read_pos=3657, new_content=8631
[2020-02-08 00:46:29] [DEBUG] WSOLA_PROCESS_LOOP_ITER: iter=28, out_written=2997, H_s_eff=111
[2020-02-08 00:46:29] [DEBUG] find_best_match: Final offset=0, Correlation=0.9999, ConsecLowCorr=0
[2020-02-08 00:46:29] [DEBUG] WSOLA_DISCARD_CHECK: iter=28, min_retain_abs=3823, ring_start_abs=3657, content_before=8631, samples_to_discard_calc=166
[2020-02-08 00:46:29] [DEBUG] WSOLA_DISCARD_DONE: iter=28, discarded=166, new_ring_start_abs=3823, new_read_pos=3823, new_content=8465
[2020-02-08 00:46:29] [DEBUG] WSOLA_PROCESS_LOOP_ITER: iter=29, out_written=3108, H_s_eff=111
[2020-02-08 00:46:29] [DEBUG] find_best_match: Final offset=0, Correlation=0.9999, ConsecLowCorr=0
[2020-02-08 00:46:29] [DEBUG] WSOLA_DISCARD_CHECK: iter=29, min_retain_abs=3989, ring_start_abs=3823, content_before=8465, samples_to_discard_calc=166
[2020-02-08 00:46:29] [DEBUG] WSOLA_DISCARD_DONE: iter=29, discarded=166, new_ring_start_abs=3989, new_read_pos=3989, new_content=8299
[2020-02-08 00:46:29] [DEBUG] WSOLA_PROCESS_LOOP_ITER: iter=30, out_written=3219, H_s_eff=111
[2020-02-08 00:46:29] [DEBUG] find_best_match: Final offset=0, Correlation=0.9999, ConsecLowCorr=0
[2020-02-08 00:46:29] [DEBUG] WSOLA_DISCARD_CHECK: iter=30, min_retain_abs=4155, ring_start_abs=3989, content_before=8299, samples_to_discard_calc=166
[2020-02-08 00:46:29] [DEBUG] WSOLA_DISCARD_DONE: iter=30, discarded=166, new_ring_start_abs=4155, new_read_pos=4155, new_content=8133
[2020-02-08 00:46:29] [DEBUG] WSOLA_PROCESS_LOOP_ITER: iter=31, out_written=3330, H_s_eff=111
[2020-02-08 00:46:29] [DEBUG] find_best_match: Final offset=0, Correlation=0.9999, ConsecLowCorr=0
[2020-02-08 00:46:29] [DEBUG] WSOLA_DISCARD_CHECK: iter=31, min_retain_abs=4321, ring_start_abs=4155, content_before=8133, samples_to_discard_calc=166
[2020-02-08 00:46:29] [DEBUG] WSOLA_DISCARD_DONE: iter=31, discarded=166, new_ring_start_abs=4321, new_read_pos=4321, new_content=7967
[2020-02-08 00:46:29] [DEBUG] WSOLA_PROCESS_LOOP_ITER: iter=32, out_written=3441, H_s_eff=111
[2020-02-08 00:46:29] [DEBUG] find_best_match: Final offset=0, Correlation=0.9999, ConsecLowCorr=0
[2020-02-08 00:46:29] [DEBUG] WSOLA_DISCARD_CHECK: iter=32, min_retain_abs=4487, ring_start_abs=4321, content_before=7967, samples_to_discard_calc=166
[2020-02-08 00:46:29] [DEBUG] WSOLA_DISCARD_DONE: iter=32, discarded=166, new_ring_start_abs=4487, new_read_pos=4487, new_content=7801
[2020-02-08 00:46:29] [DEBUG] WSOLA_PROCESS_LOOP_ITER: iter=33, out_written=3552, H_s_eff=111
[2020-02-08 00:46:29] [DEBUG] find_best_match: Final offset=0, Correlation=0.9999, ConsecLowCorr=0
[2020-02-08 00:46:29] [DEBUG] WSOLA_DISCARD_CHECK: iter=33, min_retain_abs=4653, ring_start_abs=4487, content_before=7801, samples_to_discard_calc=166
[2020-02-08 00:46:29] [DEBUG] WSOLA_DISCARD_DONE: iter=33, discarded=166, new_ring_start_abs=4653, new_read_pos=4653, new_content=7635
[2020-02-08 00:46:29] [DEBUG] WSOLA_PROCESS_LOOP_ITER: iter=34, out_written=3663, H_s_eff=111
[2020-02-08 00:46:29] [DEBUG] find_best_match: Final offset=0, Correlation=0.9999, ConsecLowCorr=0
[2020-02-08 00:46:29] [DEBUG] WSOLA_DISCARD_CHECK: iter=34, min_retain_abs=4819, ring_start_abs=4653, content_before=7635, samples_to_discard_calc=166
[2020-02-08 00:46:29] [DEBUG] WSOLA_DISCARD_DONE: iter=34, discarded=166, new_ring_start_abs=4819, new_read_pos=4819, new_content=7469
[2020-02-08 00:46:29] [DEBUG] WSOLA_PROCESS_LOOP_ITER: iter=35, out_written=3774, H_s_eff=111
[2020-02-08 00:46:29] [DEBUG] find_best_match: Final offset=0, Correlation=0.9999, ConsecLowCorr=0
[2020-02-08 00:46:29] [DEBUG] WSOLA_DISCARD_CHECK: iter=35, min_retain_abs=4985, ring_start_abs=4819, content_before=7469, samples_to_discard_calc=166
[2020-02-08 00:46:29] [DEBUG] WSOLA_DISCARD_DONE: iter=35, discarded=166, new_ring_start_abs=4985, new_read_pos=4985, new_content=7303
[2020-02-08 00:46:29] [DEBUG] WSOLA_PROCESS_LOOP_ITER: iter=36, out_written=3885, H_s_eff=111
[2020-02-08 00:46:29] [DEBUG] find_best_match: Final offset=0, Correlation=0.9999, ConsecLowCorr=0
[2020-02-08 00:46:29] [DEBUG] WSOLA_DISCARD_CHECK: iter=36, min_retain_abs=5151, ring_start_abs=4985, content_before=7303, samples_to_discard_calc=166
[2020-02-08 00:46:29] [DEBUG] WSOLA_DISCARD_DONE: iter=36, discarded=166, new_ring_start_abs=5151, new_read_pos=5151, new_content=7137
[2020-02-08 00:46:29] [DEBUG] WSOLA_PROCESS_LOOP_ITER: iter=37, out_written=3996, H_s_eff=111
[2020-02-08 00:46:29] [DEBUG] find_best_match: Final offset=0, Correlation=0.9999, ConsecLowCorr=0
[2020-02-08 00:46:29] [DEBUG] WSOLA_DISCARD_CHECK: iter=37, min_retain_abs=5317, ring_start_abs=5151, content_before=7137, samples_to_discard_calc=166
[2020-02-08 00:46:29] [DEBUG] WSOLA_DISCARD_DONE: iter=37, discarded=166, new_ring_start_abs=5317, new_read_pos=5317, new_content=6971
[2020-02-08 00:46:29] [DEBUG] WSOLA_PROCESS_LOOP_ITER: iter=38, out_written=4107, H_s_eff=111
[2020-02-08 00:46:29] [DEBUG] find_best_match: Final offset=0, Correlation=0.9999, ConsecLowCorr=0
[2020-02-08 00:46:29] [DEBUG] WSOLA_DISCARD_CHECK: iter=38, min_retain_abs=5483, ring_start_abs=5317, content_before=6971, samples_to_discard_calc=166
[2020-02-08 00:46:29] [DEBUG] WSOLA_DISCARD_DONE: iter=38, discarded=166, new_ring_start_abs=5483, new_read_pos=5483, new_content=6805
[2020-02-08 00:46:29] [DEBUG] WSOLA_PROCESS_LOOP_ITER: iter=39, out_written=4218, H_s_eff=111
[2020-02-08 00:46:29] [DEBUG] find_best_match: Final offset=0, Correlation=0.9999, ConsecLowCorr=0
[2020-02-08 00:46:29] [DEBUG] WSOLA_DISCARD_CHECK: iter=39, min_retain_abs=5649, ring_start_abs=5483, content_before=6805, samples_to_discard_calc=166
[2020-02-08 00:46:29] [DEBUG] WSOLA_DISCARD_DONE: iter=39, discarded=166, new_ring_start_abs=5649, new_read_pos=5649, new_content=6639
[2020-02-08 00:46:29] [DEBUG] WSOLA_PROCESS_LOOP_ITER: iter=40, out_written=4329, H_s_eff=111
[2020-02-08 00:46:29] [DEBUG] find_best_match: Final offset=0, Correlation=0.9999, ConsecLowCorr=0
[2020-02-08 00:46:29] [DEBUG] WSOLA_DISCARD_CHECK: iter=40, min_retain_abs=5815, ring_start_abs=5649, content_before=6639, samples_to_discard_calc=166
[2020-02-08 00:46:29] [DEBUG] WSOLA_DISCARD_DONE: iter=40, discarded=166, new_ring_start_abs=5815, new_read_pos=5815, new_content=6473
[2020-02-08 00:46:29] [DEBUG] WSOLA_PROCESS_LOOP_ITER: iter=41, out_written=4440, H_s_eff=111
[2020-02-08 00:46:29] [DEBUG] find_best_match: Final offset=0, Correlation=0.9999, ConsecLowCorr=0
[2020-02-08 00:46:29] [DEBUG] WSOLA_DISCARD_CHECK: iter=41, min_retain_abs=5981, ring_start_abs=5815, content_before=6473, samples_to_discard_calc=166
[2020-02-08 00:46:29] [DEBUG] WSOLA_DISCARD_DONE: iter=41, discarded=166, new_ring_start_abs=5981, new_read_pos=5981, new_content=6307
[2020-02-08 00:46:29] [DEBUG] WSOLA_PROCESS_LOOP_ITER: iter=42, out_written=4551, H_s_eff=111
[2020-02-08 00:46:29] [DEBUG] find_best_match: Final offset=0, Correlation=0.9999, ConsecLowCorr=0
[2020-02-08 00:46:29] [DEBUG] WSOLA_DISCARD_CHECK: iter=42, min_retain_abs=6147, ring_start_abs=5981, content_before=6307, samples_to_discard_calc=166
[2020-02-08 00:46:29] [DEBUG] WSOLA_DISCARD_DONE: iter=42, discarded=166, new_ring_start_abs=6147, new_read_pos=6147, new_content=6141
[2020-02-08 00:46:29] [DEBUG] WSOLA_PROCESS_LOOP_ITER: iter=43, out_written=4662, H_s_eff=111
[2020-02-08 00:46:29] [DEBUG] find_best_match: Final offset=0, Correlation=0.9999, ConsecLowCorr=0
[2020-02-08 00:46:29] [DEBUG] WSOLA_DISCARD_CHECK: iter=43, min_retain_abs=6313, ring_start_abs=6147, content_before=6141, samples_to_discard_calc=166
[2020-02-08 00:46:29] [DEBUG] WSOLA_DISCARD_DONE: iter=43, discarded=166, new_ring_start_abs=6313, new_read_pos=6313, new_content=5975
[2020-02-08 00:46:29] [DEBUG] WSOLA_PROCESS_LOOP_ITER: iter=44, out_written=4773, H_s_eff=111
[2020-02-08 00:46:29] [DEBUG] find_best_match: Final offset=0, Correlation=0.9999, ConsecLowCorr=0
[2020-02-08 00:46:29] [DEBUG] WSOLA_DISCARD_CHECK: iter=44, min_retain_abs=6479, ring_start_abs=6313, content_before=5975, samples_to_discard_calc=166
[2020-02-08 00:46:29] [DEBUG] WSOLA_DISCARD_DONE: iter=44, discarded=166, new_ring_start_abs=6479, new_read_pos=6479, new_content=5809
[2020-02-08 00:46:29] [DEBUG] WSOLA_PROCESS_LOOP_ITER: iter=45, out_written=4884, H_s_eff=111
[2020-02-08 00:46:29] [DEBUG] find_best_match: Final offset=0, Correlation=0.9999, ConsecLowCorr=0
[2020-02-08 00:46:29] [DEBUG] WSOLA_DISCARD_CHECK: iter=45, min_retain_abs=6645, ring_start_abs=6479, content_before=5809, samples_to_discard_calc=166
[2020-02-08 00:46:29] [DEBUG] WSOLA_DISCARD_DONE: iter=45, discarded=166, new_ring_start_abs=6645, new_read_pos=6645, new_content=5643
[2020-02-08 00:46:29] [DEBUG] WSOLA_PROCESS_LOOP_ITER: iter=46, out_written=4995, H_s_eff=111
[2020-02-08 00:46:29] [DEBUG] find_best_match: Final offset=0, Correlation=0.9999, ConsecLowCorr=0
[2020-02-08 00:46:29] [DEBUG] WSOLA_DISCARD_CHECK: iter=46, min_retain_abs=6811, ring_start_abs=6645, content_before=5643, samples_to_discard_calc=166
[2020-02-08 00:46:29] [DEBUG] WSOLA_DISCARD_DONE: iter=46, discarded=166, new_ring_start_abs=6811, new_read_pos=6811, new_content=5477
[2020-02-08 00:46:29] [DEBUG] WSOLA_PROCESS_LOOP_ITER: iter=47, out_written=5106, H_s_eff=111
[2020-02-08 00:46:29] [DEBUG] find_best_match: Final offset=0, Correlation=0.9999, ConsecLowCorr=0
[2020-02-08 00:46:29] [DEBUG] WSOLA_DISCARD_CHECK: iter=47, min_retain_abs=6977, ring_start_abs=6811, content_before=5477, samples_to_discard_calc=166
[2020-02-08 00:46:29] [DEBUG] WSOLA_DISCARD_DONE: iter=47, discarded=166, new_ring_start_abs=6977, new_read_pos=6977, new_content=5311
[2020-02-08 00:46:29] [DEBUG] WSOLA_PROCESS_LOOP_ITER: iter=48, out_written=5217, H_s_eff=111
[2020-02-08 00:46:29] [DEBUG] find_best_match: Final offset=0, Correlation=0.9999, ConsecLowCorr=0
[2020-02-08 00:46:29] [DEBUG] WSOLA_DISCARD_CHECK: iter=48, min_retain_abs=7143, ring_start_abs=6977, content_before=5311, samples_to_discard_calc=166
[2020-02-08 00:46:29] [DEBUG] WSOLA_DISCARD_DONE: iter=48, discarded=166, new_ring_start_abs=7143, new_read_pos=7143, new_content=5145
[2020-02-08 00:46:29] [DEBUG] WSOLA_PROCESS_LOOP_ITER: iter=49, out_written=5328, H_s_eff=111
[2020-02-08 00:46:29] [DEBUG] find_best_match: Final offset=0, Correlation=0.9999, ConsecLowCorr=0
[2020-02-08 00:46:29] [DEBUG] WSOLA_DISCARD_CHECK: iter=49, min_retain_abs=7309, ring_start_abs=7143, content_before=5145, samples_to_discard_calc=166
[2020-02-08 00:46:29] [DEBUG] WSOLA_DISCARD_DONE: iter=49, discarded=166, new_ring_start_abs=7309, new_read_pos=7309, new_content=4979
[2020-02-08 00:46:29] [DEBUG] WSOLA_PROCESS_LOOP_ITER: iter=50, out_written=5439, H_s_eff=111
[2020-02-08 00:46:29] [DEBUG] find_best_match: Final offset=0, Correlation=0.9999, ConsecLowCorr=0
[2020-02-08 00:46:29] [DEBUG] WSOLA_DISCARD_CHECK: iter=50, min_retain_abs=7475, ring_start_abs=7309, content_before=4979, samples_to_discard_calc=166
[2020-02-08 00:46:29] [DEBUG] WSOLA_DISCARD_DONE: iter=50, discarded=166, new_ring_start_abs=7475, new_read_pos=7475, new_content=4813
[2020-02-08 00:46:29] [DEBUG] WSOLA_PROCESS_LOOP_ITER: iter=51, out_written=5550, H_s_eff=111
[2020-02-08 00:46:29] [DEBUG] find_best_match: Final offset=0, Correlation=0.9999, ConsecLowCorr=0
[2020-02-08 00:46:29] [DEBUG] WSOLA_DISCARD_CHECK: iter=51, min_retain_abs=7641, ring_start_abs=7475, content_before=4813, samples_to_discard_calc=166
[2020-02-08 00:46:29] [DEBUG] WSOLA_DISCARD_DONE: iter=51, discarded=166, new_ring_start_abs=7641, new_read_pos=7641, new_content=4647
[2020-02-08 00:46:29] [DEBUG] WSOLA_PROCESS_LOOP_ITER: iter=52, out_written=5661, H_s_eff=111
[2020-02-08 00:46:29] [DEBUG] find_best_match: Final offset=0, Correlation=0.9999, ConsecLowCorr=0
[2020-02-08 00:46:29] [DEBUG] WSOLA_DISCARD_CHECK: iter=52, min_retain_abs=7807, ring_start_abs=7641, content_before=4647, samples_to_discard_calc=166
[2020-02-08 00:46:29] [DEBUG] WSOLA_DISCARD_DONE: iter=52, discarded=166, new_ring_start_abs=7807, new_read_pos=7807, new_content=4481
[2020-02-08 00:46:29] [DEBUG] WSOLA_PROCESS_LOOP_ITER: iter=53, out_written=5772, H_s_eff=111
[2020-02-08 00:46:29] [DEBUG] find_best_match: Final offset=0, Correlation=0.9999, ConsecLowCorr=0
[2020-02-08 00:46:29] [DEBUG] WSOLA_DISCARD_CHECK: iter=53, min_retain_abs=7973, ring_start_abs=7807, content_before=4481, samples_to_discard_calc=166
[2020-02-08 00:46:29] [DEBUG] WSOLA_DISCARD_DONE: iter=53, discarded=166, new_ring_start_abs=7973, new_read_pos=7973, new_content=4315
[2020-02-08 00:46:29] [DEBUG] WSOLA_PROCESS_LOOP_ITER: iter=54, out_written=5883, H_s_eff=111
[2020-02-08 00:46:29] [DEBUG] find_best_match: Final offset=0, Correlation=0.9999, ConsecLowCorr=0
[2020-02-08 00:46:29] [DEBUG] WSOLA_DISCARD_CHECK: iter=54, min_retain_abs=8139, ring_start_abs=7973, content_before=4315, samples_to_discard_calc=166
[2020-02-08 00:46:29] [DEBUG] WSOLA_DISCARD_DONE: iter=54, discarded=166, new_ring_start_abs=8139, new_read_pos=8139, new_content=4149
[2020-02-08 00:46:29] [DEBUG] WSOLA_PROCESS_LOOP_ITER: iter=55, out_written=5994, H_s_eff=111
[2020-02-08 00:46:29] [DEBUG] find_best_match: Final offset=0, Correlation=0.9999, ConsecLowCorr=0
[2020-02-08 00:46:29] [DEBUG] WSOLA_DISCARD_CHECK: iter=55, min_retain_abs=8305, ring_start_abs=8139, content_before=4149, samples_to_discard_calc=166
[2020-02-08 00:46:29] [DEBUG] WSOLA_DISCARD_DONE: iter=55, discarded=166, new_ring_start_abs=8305, new_read_pos=8305, new_content=3983
[2020-02-08 00:46:29] [DEBUG] WSOLA_PROCESS_LOOP_ITER: iter=56, out_written=6105, H_s_eff=111
[2020-02-08 00:46:29] [DEBUG] find_best_match: Final offset=0, Correlation=0.9999, ConsecLowCorr=0
[2020-02-08 00:46:29] [DEBUG] WSOLA_DISCARD_CHECK: iter=56, min_retain_abs=8471, ring_start_abs=8305, content_before=3983, samples_to_discard_calc=166
[2020-02-08 00:46:29] [DEBUG] WSOLA_DISCARD_DONE: iter=56, discarded=166, new_ring_start_abs=8471, new_read_pos=8471, new_content=3817
[2020-02-08 00:46:29] [DEBUG] WSOLA_PROCESS_LOOP_ITER: iter=57, out_written=6216, H_s_eff=111
[2020-02-08 00:46:29] [DEBUG] find_best_match: Final offset=0, Correlation=0.9999, ConsecLowCorr=0
[2020-02-08 00:46:29] [DEBUG] WSOLA_DISCARD_CHECK: iter=57, min_retain_abs=8637, ring_start_abs=8471, content_before=3817, samples_to_discard_calc=166
[2020-02-08 00:46:29] [DEBUG] WSOLA_DISCARD_DONE: iter=57, discarded=166, new_ring_start_abs=8637, new_read_pos=8637, new_content=3651
[2020-02-08 00:46:29] [DEBUG] WSOLA_PROCESS_LOOP_ITER: iter=58, out_written=6327, H_s_eff=111
[2020-02-08 00:46:29] [DEBUG] find_best_match: Final offset=0, Correlation=0.9999, ConsecLowCorr=0
[2020-02-08 00:46:29] [DEBUG] WSOLA_DISCARD_CHECK: iter=58, min_retain_abs=8803, ring_start_abs=8637, content_before=3651, samples_to_discard_calc=166
[2020-02-08 00:46:29] [DEBUG] WSOLA_DISCARD_DONE: iter=58, discarded=166, new_ring_start_abs=8803, new_read_pos=8803, new_content=3485
[2020-02-08 00:46:29] [DEBUG] WSOLA_PROCESS_LOOP_ITER: iter=59, out_written=6438, H_s_eff=111
[2020-02-08 00:46:29] [DEBUG] find_best_match: Final offset=0, Correlation=0.9999, ConsecLowCorr=0
[2020-02-08 00:46:29] [DEBUG] WSOLA_DISCARD_CHECK: iter=59, min_retain_abs=8969, ring_start_abs=8803, content_before=3485, samples_to_discard_calc=166
[2020-02-08 00:46:29] [DEBUG] WSOLA_DISCARD_DONE: iter=59, discarded=166, new_ring_start_abs=8969, new_read_pos=8969, new_content=3319
[2020-02-08 00:46:29] [DEBUG] WSOLA_PROCESS_LOOP_ITER: iter=60, out_written=6549, H_s_eff=111
[2020-02-08 00:46:29] [DEBUG] find_best_match: Final offset=0, Correlation=0.9999, ConsecLowCorr=0
[2020-02-08 00:46:29] [DEBUG] WSOLA_DISCARD_CHECK: iter=60, min_retain_abs=9135, ring_start_abs=8969, content_before=3319, samples_to_discard_calc=166
[2020-02-08 00:46:29] [DEBUG] WSOLA_DISCARD_DONE: iter=60, discarded=166, new_ring_start_abs=9135, new_read_pos=9135, new_content=3153
[2020-02-08 00:46:29] [DEBUG] WSOLA_PROCESS_LOOP_ITER: iter=61, out_written=6660, H_s_eff=111
[2020-02-08 00:46:29] [DEBUG] find_best_match: Final offset=0, Correlation=0.9999, ConsecLowCorr=0
[2020-02-08 00:46:29] [DEBUG] WSOLA_DISCARD_CHECK: iter=61, min_retain_abs=9301, ring_start_abs=9135, content_before=3153, samples_to_discard_calc=166
[2020-02-08 00:46:29] [DEBUG] WSOLA_DISCARD_DONE: iter=61, discarded=166, new_ring_start_abs=9301, new_read_pos=9301, new_content=2987
[2020-02-08 00:46:29] [DEBUG] WSOLA_PROCESS_LOOP_ITER: iter=62, out_written=6771, H_s_eff=111
[2020-02-08 00:46:29] [DEBUG] find_best_match: Final offset=0, Correlation=0.9999, ConsecLowCorr=0
[2020-02-08 00:46:29] [DEBUG] WSOLA_DISCARD_CHECK: iter=62, min_retain_abs=9467, ring_start_abs=9301, content_before=2987, samples_to_discard_calc=166
[2020-02-08 00:46:29] [DEBUG] WSOLA_DISCARD_DONE: iter=62, discarded=166, new_ring_start_abs=9467, new_read_pos=9467, new_content=2821
[2020-02-08 00:46:29] [DEBUG] WSOLA_PROCESS_LOOP_ITER: iter=63, out_written=6882, H_s_eff=111
[2020-02-08 00:46:29] [DEBUG] find_best_match: Final offset=0, Correlation=0.9999, ConsecLowCorr=0
[2020-02-08 00:46:29] [DEBUG] WSOLA_DISCARD_CHECK: iter=63, min_retain_abs=9633, ring_start_abs=9467, content_before=2821, samples_to_discard_calc=166
[2020-02-08 00:46:29] [DEBUG] WSOLA_DISCARD_DONE: iter=63, discarded=166, new_ring_start_abs=9633, new_read_pos=9633, new_content=2655
[2020-02-08 00:46:29] [DEBUG] WSOLA_PROCESS_LOOP_ITER: iter=64, out_written=6993, H_s_eff=111
[2020-02-08 00:46:29] [DEBUG] find_best_match: Final offset=0, Correlation=0.9999, ConsecLowCorr=0
[2020-02-08 00:46:29] [DEBUG] WSOLA_DISCARD_CHECK: iter=64, min_retain_abs=9799, ring_start_abs=9633, content_before=2655, samples_to_discard_calc=166
[2020-02-08 00:46:29] [DEBUG] WSOLA_DISCARD_DONE: iter=64, discarded=166, new_ring_start_abs=9799, new_read_pos=9799, new_content=2489
[2020-02-08 00:46:29] [DEBUG] WSOLA_PROCESS_LOOP_ITER: iter=65, out_written=7104, H_s_eff=111
[2020-02-08 00:46:29] [DEBUG] find_best_match: Final offset=0, Correlation=0.9999, ConsecLowCorr=0
[2020-02-08 00:46:29] [DEBUG] WSOLA_DISCARD_CHECK: iter=65, min_retain_abs=9965, ring_start_abs=9799, content_before=2489, samples_to_discard_calc=166
[2020-02-08 00:46:29] [DEBUG] WSOLA_DISCARD_DONE: iter=65, discarded=166, new_ring_start_abs=9965, new_read_pos=9965, new_content=2323
[2020-02-08 00:46:29] [DEBUG] WSOLA_PROCESS_LOOP_ITER: iter=66, out_written=7215, H_s_eff=111
[2020-02-08 00:46:29] [DEBUG] find_best_match: Final offset=0, Correlation=0.9999, ConsecLowCorr=0
[2020-02-08 00:46:29] [DEBUG] WSOLA_DISCARD_CHECK: iter=66, min_retain_abs=10131, ring_start_abs=9965, content_before=2323, samples_to_discard_calc=166
[2020-02-08 00:46:29] [DEBUG] WSOLA_DISCARD_DONE: iter=66, discarded=166, new_ring_start_abs=10131, new_read_pos=10131, new_content=2157
[2020-02-08 00:46:29] [DEBUG] WSOLA_PROCESS_LOOP_ITER: iter=67, out_written=7326, H_s_eff=111
[2020-02-08 00:46:29] [DEBUG] find_best_match: Final offset=0, Correlation=0.9999, ConsecLowCorr=0
[2020-02-08 00:46:29] [DEBUG] WSOLA_DISCARD_CHECK: iter=67, min_retain_abs=10297, ring_start_abs=10131, content_before=2157, samples_to_discard_calc=166
[2020-02-08 00:46:29] [DEBUG] WSOLA_DISCARD_DONE: iter=67, discarded=166, new_ring_start_abs=10297, new_read_pos=10297, new_content=1991
[2020-02-08 00:46:29] [DEBUG] WSOLA_PROCESS_LOOP_ITER: iter=68, out_written=7437, H_s_eff=111
[2020-02-08 00:46:29] [DEBUG] find_best_match: Final offset=0, Correlation=0.9999, ConsecLowCorr=0
[2020-02-08 00:46:29] [DEBUG] WSOLA_DISCARD_CHECK: iter=68, min_retain_abs=10463, ring_start_abs=10297, content_before=1991, samples_to_discard_calc=166
[2020-02-08 00:46:29] [DEBUG] WSOLA_DISCARD_DONE: iter=68, discarded=166, new_ring_start_abs=10463, new_read_pos=10463, new_content=1825
[2020-02-08 00:46:29] [DEBUG] WSOLA_PROCESS_LOOP_ITER: iter=69, out_written=7548, H_s_eff=111
[2020-02-08 00:46:29] [DEBUG] find_best_match: Final offset=0, Correlation=0.9999, ConsecLowCorr=0
[2020-02-08 00:46:29] [DEBUG] WSOLA_DISCARD_CHECK: iter=69, min_retain_abs=10629, ring_start_abs=10463, content_before=1825, samples_to_discard_calc=166
[2020-02-08 00:46:29] [DEBUG] WSOLA_DISCARD_DONE: iter=69, discarded=166, new_ring_start_abs=10629, new_read_pos=10629, new_content=1659
[2020-02-08 00:46:29] [DEBUG] WSOLA_PROCESS_LOOP_ITER: iter=70, out_written=7659, H_s_eff=111
[2020-02-08 00:46:29] [DEBUG] WSOLA_LOOP_BREAK_NO_DATA: iter=70, avail=12288, req=12445
[2020-02-08 00:46:29] [DEBUG] WSOLA_PROCESS_EXIT: loop_iters=70, output_written=7659, input_content_end=1659, next_ideal_start=11454
[2020-02-08 00:46:29] [INFO] Playback speed: 2.0x
[2020-02-08 00:46:29] [DEBUG] MainLoop: Using WSOLA for speed 2.00x
[2020-02-08 00:46:29] [DEBUG] WSOLA_PROCESS_ENTRY: num_input=12288, max_output=25237, current_speed=2.00, H_s_eff=83, input_content_start=13947
[2020-02-08 00:46:29] [DEBUG] WSOLA_PROCESS_LOOP_ITER: iter=1, out_written=0, H_s_eff=83
[2020-02-08 00:46:29] [DEBUG] find_best_match: Final offset=34, Correlation=0.0875, ConsecLowCorr=1
[2020-02-08 00:46:29] [DEBUG] WSOLA_DISCARD_CHECK: iter=1, min_retain_abs=10795, ring_start_abs=10629, content_before=13947, samples_to_discard_calc=166
[2020-02-08 00:46:29] [DEBUG] WSOLA_DISCARD_DONE: iter=1, discarded=166, new_ring_start_abs=10795, new_read_pos=10795, new_content=13781
[2020-02-08 00:46:29] [DEBUG] WSOLA_PROCESS_LOOP_ITER: iter=2, out_written=83, H_s_eff=83
[2020-02-08 00:46:29] [DEBUG] find_best_match: Final offset=200, Correlation=0.9935, ConsecLowCorr=0
[2020-02-08 00:46:29] [DEBUG] WSOLA_DISCARD_CHECK: iter=2, min_retain_abs=10961, ring_start_abs=10795, content_before=13781, samples_to_discard_calc=166
[2020-02-08 00:46:29] [DEBUG] WSOLA_DISCARD_DONE: iter=2, discarded=166, new_ring_start_abs=10961, new_read_pos=10961, new_content=13615
[2020-02-08 00:46:29] [DEBUG] WSOLA_PROCESS_LOOP_ITER: iter=3, out_written=166, H_s_eff=83
[2020-02-08 00:46:29] [DEBUG] find_best_match: Final offset=98, Correlation=0.7243, ConsecLowCorr=0
[2020-02-08 00:46:29] [DEBUG] WSOLA_DISCARD_CHECK: iter=3, min_retain_abs=11127, ring_start_abs=10961, content_before=13615, samples_to_discard_calc=166
[2020-02-08 00:46:29] [DEBUG] WSOLA_DISCARD_DONE: iter=3, discarded=166, new_ring_start_abs=11127, new_read_pos=11127, new_content=13449
[2020-02-08 00:46:29] [DEBUG] WSOLA_PROCESS_LOOP_ITER: iter=4, out_written=249, H_s_eff=83
[2020-02-08 00:46:29] [DEBUG] find_best_match: Final offset=263, Correlation=0.9739, ConsecLowCorr=0
[2020-02-08 00:46:29] [DEBUG] WSOLA_DISCARD_CHECK: iter=4, min_retain_abs=11293, ring_start_abs=11127, content_before=13449, samples_to_discard_calc=166
[2020-02-08 00:46:29] [DEBUG] WSOLA_DISCARD_DONE: iter=4, discarded=166, new_ring_start_abs=11293, new_read_pos=11293, new_content=13283
[2020-02-08 00:46:29] [DEBUG] WSOLA_PROCESS_LOOP_ITER: iter=5, out_written=332, H_s_eff=83
[2020-02-08 00:46:29] [DEBUG] find_best_match: Final offset=166, Correlation=0.8172, ConsecLowCorr=0
[2020-02-08 00:46:29] [DEBUG] WSOLA_DISCARD_CHECK: iter=5, min_retain_abs=11459, ring_start_abs=11293, content_before=13283, samples_to_discard_calc=166
[2020-02-08 00:46:29] [DEBUG] WSOLA_DISCARD_DONE: iter=5, discarded=166, new_ring_start_abs=11459, new_read_pos=11459, new_content=13117
[2020-02-08 00:46:29] [DEBUG] WSOLA_PROCESS_LOOP_ITER: iter=6, out_written=415, H_s_eff=83
[2020-02-08 00:46:29] [DEBUG] find_best_match: Final offset=329, Correlation=0.8258, ConsecLowCorr=0
[2020-02-08 00:46:29] [DEBUG] WSOLA_DISCARD_CHECK: iter=6, min_retain_abs=11625, ring_start_abs=11459, content_before=13117, samples_to_discard_calc=166
[2020-02-08 00:46:29] [DEBUG] WSOLA_DISCARD_DONE: iter=6, discarded=166, new_ring_start_abs=11625, new_read_pos=11625, new_content=12951
[2020-02-08 00:46:29] [DEBUG] WSOLA_PROCESS_LOOP_ITER: iter=7, out_written=498, H_s_eff=83
[2020-02-08 00:46:29] [DEBUG] find_best_match: Final offset=232, Correlation=0.8869, ConsecLowCorr=0
[2020-02-08 00:46:29] [DEBUG] WSOLA_DISCARD_CHECK: iter=7, min_retain_abs=11791, ring_start_abs=11625, content_before=12951, samples_to_discard_calc=166
[2020-02-08 00:46:29] [DEBUG] WSOLA_DISCARD_DONE: iter=7, discarded=166, new_ring_start_abs=11791, new_read_pos=11791, new_content=12785
[2020-02-08 00:46:29] [DEBUG] WSOLA_PROCESS_LOOP_ITER: iter=8, out_written=581, H_s_eff=83
[2020-02-08 00:46:29] [DEBUG] find_best_match: Final offset=134, Correlation=0.7419, ConsecLowCorr=0
[2020-02-08 00:46:29] [DEBUG] WSOLA_DISCARD_CHECK: iter=8, min_retain_abs=11957, ring_start_abs=11791, content_before=12785, samples_to_discard_calc=166
[2020-02-08 00:46:29] [DEBUG] WSOLA_DISCARD_DONE: iter=8, discarded=166, new_ring_start_abs=11957, new_read_pos=11957, new_content=12619
[2020-02-08 00:46:29] [DEBUG] WSOLA_PROCESS_LOOP_ITER: iter=9, out_written=664, H_s_eff=83
[2020-02-08 00:46:29] [DEBUG] find_best_match: Large offset jump smoothed: 300 -> 217
[2020-02-08 00:46:29] [DEBUG] find_best_match: Final offset=217, Correlation=0.9743, ConsecLowCorr=0
[2020-02-08 00:46:29] [DEBUG] WSOLA_DISCARD_CHECK: iter=9, min_retain_abs=12123, ring_start_abs=11957, content_before=12619, samples_to_discard_calc=166
[2020-02-08 00:46:29] [DEBUG] WSOLA_DISCARD_DONE: iter=9, discarded=166, new_ring_start_abs=12123, new_read_pos=12123, new_content=12453
[2020-02-08 00:46:29] [DEBUG] WSOLA_PROCESS_LOOP_ITER: iter=10, out_written=747, H_s_eff=83
[2020-02-08 00:46:29] [DEBUG] find_best_match: Final offset=116, Correlation=0.7255, ConsecLowCorr=0
[2020-02-08 00:46:29] [DEBUG] WSOLA_DISCARD_CHECK: iter=10, min_retain_abs=12289, ring_start_abs=12123, content_before=12453, samples_to_discard_calc=166
[2020-02-08 00:46:29] [DEBUG] WSOLA_DISCARD_DONE: iter=10, discarded=166, new_ring_start_abs=12289, new_read_pos=12289, new_content=12287
[2020-02-08 00:46:29] [DEBUG] WSOLA_PROCESS_LOOP_ITER: iter=11, out_written=830, H_s_eff=83
[2020-02-08 00:46:29] [DEBUG] find_best_match: Large offset jump smoothed: 282 -> 199
[2020-02-08 00:46:29] [DEBUG] find_best_match: Final offset=199, Correlation=0.9829, ConsecLowCorr=0
[2020-02-08 00:46:29] [DEBUG] WSOLA_DISCARD_CHECK: iter=11, min_retain_abs=12455, ring_start_abs=12289, content_before=12287, samples_to_discard_calc=166
[2020-02-08 00:46:29] [DEBUG] WSOLA_DISCARD_DONE: iter=11, discarded=166, new_ring_start_abs=12455, new_read_pos=12455, new_content=12121
[2020-02-08 00:46:29] [DEBUG] WSOLA_PROCESS_LOOP_ITER: iter=12, out_written=913, H_s_eff=83
[2020-02-08 00:46:29] [DEBUG] find_best_match: Final offset=98, Correlation=0.7284, ConsecLowCorr=0
[2020-02-08 00:46:29] [DEBUG] WSOLA_DISCARD_CHECK: iter=12, min_retain_abs=12621, ring_start_abs=12455, content_before=12121, samples_to_discard_calc=166
[2020-02-08 00:46:29] [DEBUG] WSOLA_DISCARD_DONE: iter=12, discarded=166, new_ring_start_abs=12621, new_read_pos=12621, new_content=11955
[2020-02-08 00:46:29] [DEBUG] WSOLA_PROCESS_LOOP_ITER: iter=13, out_written=996, H_s_eff=83
[2020-02-08 00:46:29] [DEBUG] find_best_match: Final offset=263, Correlation=0.9739, ConsecLowCorr=0
[2020-02-08 00:46:29] [DEBUG] WSOLA_DISCARD_CHECK: iter=13, min_retain_abs=12787, ring_start_abs=12621, content_before=11955, samples_to_discard_calc=166
[2020-02-08 00:46:29] [DEBUG] WSOLA_DISCARD_DONE: iter=13, discarded=166, new_ring_start_abs=12787, new_read_pos=12787, new_content=11789
[2020-02-08 00:46:29] [DEBUG] WSOLA_PROCESS_LOOP_ITER: iter=14, out_written=1079, H_s_eff=83
[2020-02-08 00:46:29] [DEBUG] find_best_match: Final offset=166, Correlation=0.8172, ConsecLowCorr=0
[2020-02-08 00:46:29] [DEBUG] WSOLA_DISCARD_CHECK: iter=14, min_retain_abs=12953, ring_start_abs=12787, content_before=11789, samples_to_discard_calc=166
[2020-02-08 00:46:29] [DEBUG] WSOLA_DISCARD_DONE: iter=14, discarded=166, new_ring_start_abs=12953, new_read_pos=12953, new_content=11623
[2020-02-08 00:46:29] [DEBUG] WSOLA_PROCESS_LOOP_ITER: iter=15, out_written=1162, H_s_eff=83
[2020-02-08 00:46:29] [DEBUG] find_best_match: Final offset=329, Correlation=0.8258, ConsecLowCorr=0
[2020-02-08 00:46:29] [DEBUG] WSOLA_DISCARD_CHECK: iter=15, min_retain_abs=13119, ring_start_abs=12953, content_before=11623, samples_to_discard_calc=166
[2020-02-08 00:46:29] [DEBUG] WSOLA_DISCARD_DONE: iter=15, discarded=166, new_ring_start_abs=13119, new_read_pos=13119, new_content=11457
[2020-02-08 00:46:29] [DEBUG] WSOLA_PROCESS_LOOP_ITER: iter=16, out_written=1245, H_s_eff=83
[2020-02-08 00:46:29] [DEBUG] find_best_match: Final offset=232, Correlation=0.8869, ConsecLowCorr=0
[2020-02-08 00:46:29] [DEBUG] WSOLA_DISCARD_CHECK: iter=16, min_retain_abs=13285, ring_start_abs=13119, content_before=11457, samples_to_discard_calc=166
[2020-02-08 00:46:29] [DEBUG] WSOLA_DISCARD_DONE: iter=16, discarded=166, new_ring_start_abs=13285, new_read_pos=13285, new_content=11291
[2020-02-08 00:46:29] [DEBUG] WSOLA_PROCESS_LOOP_ITER: iter=17, out_written=1328, H_s_eff=83
[2020-02-08 00:46:29] [DEBUG] find_best_match: Final offset=134, Correlation=0.7419, ConsecLowCorr=0
[2020-02-08 00:46:29] [DEBUG] WSOLA_DISCARD_CHECK: iter=17, min_retain_abs=13451, ring_start_abs=13285, content_before=11291, samples_to_discard_calc=166
[2020-02-08 00:46:29] [DEBUG] WSOLA_DISCARD_DONE: iter=17, discarded=166, new_ring_start_abs=13451, new_read_pos=13451, new_content=11125
[2020-02-08 00:46:29] [DEBUG] WSOLA_PROCESS_LOOP_ITER: iter=18, out_written=1411, H_s_eff=83
[2020-02-08 00:46:29] [DEBUG] find_best_match: Large offset jump smoothed: 300 -> 217
[2020-02-08 00:46:29] [DEBUG] find_best_match: Final offset=217, Correlation=0.9743, ConsecLowCorr=0
[2020-02-08 00:46:29] [DEBUG] WSOLA_DISCARD_CHECK: iter=18, min_retain_abs=13617, ring_start_abs=13451, content_before=11125, samples_to_discard_calc=166
[2020-02-08 00:46:29] [DEBUG] WSOLA_DISCARD_DONE: iter=18, discarded=166, new_ring_start_abs=13617, new_read_pos=13617, new_content=10959
[2020-02-08 00:46:29] [DEBUG] WSOLA_PROCESS_LOOP_ITER: iter=19, out_written=1494, H_s_eff=83
[2020-02-08 00:46:29] [DEBUG] find_best_match: Final offset=116, Correlation=0.7255, ConsecLowCorr=0
[2020-02-08 00:46:29] [DEBUG] WSOLA_DISCARD_CHECK: iter=19, min_retain_abs=13783, ring_start_abs=13617, content_before=10959, samples_to_discard_calc=166
[2020-02-08 00:46:29] [DEBUG] WSOLA_DISCARD_DONE: iter=19, discarded=166, new_ring_start_abs=13783, new_read_pos=13783, new_content=10793
[2020-02-08 00:46:29] [DEBUG] WSOLA_PROCESS_LOOP_ITER: iter=20, out_written=1577, H_s_eff=83
[2020-02-08 00:46:29] [DEBUG] find_best_match: Large offset jump smoothed: 282 -> 199
[2020-02-08 00:46:29] [DEBUG] find_best_match: Final offset=199, Correlation=0.9829, ConsecLowCorr=0
[2020-02-08 00:46:29] [DEBUG] WSOLA_DISCARD_CHECK: iter=20, min_retain_abs=13949, ring_start_abs=13783, content_before=10793, samples_to_discard_calc=166
[2020-02-08 00:46:29] [DEBUG] WSOLA_DISCARD_DONE: iter=20, discarded=166, new_ring_start_abs=13949, new_read_pos=13949, new_content=10627
[2020-02-08 00:46:29] [DEBUG] WSOLA_PROCESS_LOOP_ITER: iter=21, out_written=1660, H_s_eff=83
[2020-02-08 00:46:29] [DEBUG] find_best_match: Final offset=98, Correlation=0.7284, ConsecLowCorr=0
[2020-02-08 00:46:29] [DEBUG] WSOLA_DISCARD_CHECK: iter=21, min_retain_abs=14115, ring_start_abs=13949, content_before=10627, samples_to_discard_calc=166
[2020-02-08 00:46:29] [DEBUG] WSOLA_DISCARD_DONE: iter=21, discarded=166, new_ring_start_abs=14115, new_read_pos=14115, new_content=10461
[2020-02-08 00:46:29] [DEBUG] WSOLA_PROCESS_LOOP_ITER: iter=22, out_written=1743, H_s_eff=83
[2020-02-08 00:46:29] [DEBUG] find_best_match: Final offset=263, Correlation=0.9739, ConsecLowCorr=0
[2020-02-08 00:46:29] [DEBUG] WSOLA_DISCARD_CHECK: iter=22, min_retain_abs=14281, ring_start_abs=14115, content_before=10461, samples_to_discard_calc=166
[2020-02-08 00:46:29] [DEBUG] WSOLA_DISCARD_DONE: iter=22, discarded=166, new_ring_start_abs=14281, new_read_pos=14281, new_content=10295
[2020-02-08 00:46:29] [DEBUG] WSOLA_PROCESS_LOOP_ITER: iter=23, out_written=1826, H_s_eff=83
[2020-02-08 00:46:29] [DEBUG] find_best_match: Final offset=166, Correlation=0.8172, ConsecLowCorr=0
[2020-02-08 00:46:29] [DEBUG] WSOLA_DISCARD_CHECK: iter=23, min_retain_abs=14447, ring_start_abs=14281, content_before=10295, samples_to_discard_calc=166
[2020-02-08 00:46:29] [DEBUG] WSOLA_DISCARD_DONE: iter=23, discarded=166, new_ring_start_abs=14447, new_read_pos=14447, new_content=10129
[2020-02-08 00:46:29] [DEBUG] WSOLA_PROCESS_LOOP_ITER: iter=24, out_written=1909, H_s_eff=83
[2020-02-08 00:46:29] [DEBUG] find_best_match: Final offset=329, Correlation=0.8258, ConsecLowCorr=0
[2020-02-08 00:46:29] [DEBUG] WSOLA_DISCARD_CHECK: iter=24, min_retain_abs=14613, ring_start_abs=14447, content_before=10129, samples_to_discard_calc=166
[2020-02-08 00:46:29] [DEBUG] WSOLA_DISCARD_DONE: iter=24, discarded=166, new_ring_start_abs=14613, new_read_pos=14613, new_content=9963
[2020-02-08 00:46:29] [DEBUG] WSOLA_PROCESS_LOOP_ITER: iter=25, out_written=1992, H_s_eff=83
[2020-02-08 00:46:29] [DEBUG] find_best_match: Final offset=232, Correlation=0.8869, ConsecLowCorr=0
[2020-02-08 00:46:29] [DEBUG] WSOLA_DISCARD_CHECK: iter=25, min_retain_abs=14779, ring_start_abs=14613, content_before=9963, samples_to_discard_calc=166
[2020-02-08 00:46:29] [DEBUG] WSOLA_DISCARD_DONE: iter=25, discarded=166, new_ring_start_abs=14779, new_read_pos=146, new_content=9797
[2020-02-08 00:46:29] [DEBUG] WSOLA_PROCESS_LOOP_ITER: iter=26, out_written=2075, H_s_eff=83
[2020-02-08 00:46:30] [DEBUG] find_best_match: Final offset=134, Correlation=0.7419, ConsecLowCorr=0
[2020-02-08 00:46:30] [DEBUG] WSOLA_DISCARD_CHECK: iter=26, min_retain_abs=14945, ring_start_abs=14779, content_before=9797, samples_to_discard_calc=166
[2020-02-08 00:46:30] [DEBUG] WSOLA_DISCARD_DONE: iter=26, discarded=166, new_ring_start_abs=14945, new_read_pos=312, new_content=9631
[2020-02-08 00:46:30] [DEBUG] WSOLA_PROCESS_LOOP_ITER: iter=27, out_written=2158, H_s_eff=83
[2020-02-08 00:46:30] [DEBUG] find_best_match: Large offset jump smoothed: 300 -> 217
[2020-02-08 00:46:30] [DEBUG] find_best_match: Final offset=217, Correlation=0.9743, ConsecLowCorr=0
[2020-02-08 00:46:30] [DEBUG] WSOLA_DISCARD_CHECK: iter=27, min_retain_abs=15111, ring_start_abs=14945, content_before=9631, samples_to_discard_calc=166
[2020-02-08 00:46:30] [DEBUG] WSOLA_DISCARD_DONE: iter=27, discarded=166, new_ring_start_abs=15111, new_read_pos=478, new_content=9465
[2020-02-08 00:46:30] [DEBUG] WSOLA_PROCESS_LOOP_ITER: iter=28, out_written=2241, H_s_eff=83
[2020-02-08 00:46:30] [DEBUG] find_best_match: Final offset=116, Correlation=0.7255, ConsecLowCorr=0
[2020-02-08 00:46:30] [DEBUG] WSOLA_DISCARD_CHECK: iter=28, min_retain_abs=15277, ring_start_abs=15111, content_before=9465, samples_to_discard_calc=166
[2020-02-08 00:46:30] [DEBUG] WSOLA_DISCARD_DONE: iter=28, discarded=166, new_ring_start_abs=15277, new_read_pos=644, new_content=9299
[2020-02-08 00:46:30] [DEBUG] WSOLA_PROCESS_LOOP_ITER: iter=29, out_written=2324, H_s_eff=83
[2020-02-08 00:46:30] [DEBUG] find_best_match: Large offset jump smoothed: 282 -> 199
[2020-02-08 00:46:30] [DEBUG] find_best_match: Final offset=199, Correlation=0.9829, ConsecLowCorr=0
[2020-02-08 00:46:30] [DEBUG] WSOLA_DISCARD_CHECK: iter=29, min_retain_abs=15443, ring_start_abs=15277, content_before=9299, samples_to_discard_calc=166
[2020-02-08 00:46:30] [DEBUG] WSOLA_DISCARD_DONE: iter=29, discarded=166, new_ring_start_abs=15443, new_read_pos=810, new_content=9133
[2020-02-08 00:46:30] [DEBUG] WSOLA_PROCESS_LOOP_ITER: iter=30, out_written=2407, H_s_eff=83
[2020-02-08 00:46:30] [DEBUG] find_best_match: Final offset=98, Correlation=0.7284, ConsecLowCorr=0
[2020-02-08 00:46:30] [DEBUG] WSOLA_DISCARD_CHECK: iter=30, min_retain_abs=15609, ring_start_abs=15443, content_before=9133, samples_to_discard_calc=166
[2020-02-08 00:46:30] [DEBUG] WSOLA_DISCARD_DONE: iter=30, discarded=166, new_ring_start_abs=15609, new_read_pos=976, new_content=8967
[2020-02-08 00:46:30] [DEBUG] WSOLA_PROCESS_LOOP_ITER: iter=31, out_written=2490, H_s_eff=83
[2020-02-08 00:46:30] [DEBUG] find_best_match: Final offset=263, Correlation=0.9739, ConsecLowCorr=0
[2020-02-08 00:46:30] [DEBUG] WSOLA_DISCARD_CHECK: iter=31, min_retain_abs=15775, ring_start_abs=15609, content_before=8967, samples_to_discard_calc=166
[2020-02-08 00:46:30] [DEBUG] WSOLA_DISCARD_DONE: iter=31, discarded=166, new_ring_start_abs=15775, new_read_pos=1142, new_content=8801
[2020-02-08 00:46:30] [DEBUG] WSOLA_PROCESS_LOOP_ITER: iter=32, out_written=2573, H_s_eff=83
[2020-02-08 00:46:30] [DEBUG] find_best_match: Final offset=166, Correlation=0.8172, ConsecLowCorr=0
[2020-02-08 00:46:30] [DEBUG] WSOLA_DISCARD_CHECK: iter=32, min_retain_abs=15941, ring_start_abs=15775, content_before=8801, samples_to_discard_calc=166
[2020-02-08 00:46:30] [DEBUG] WSOLA_DISCARD_DONE: iter=32, discarded=166, new_ring_start_abs=15941, new_read_pos=1308, new_content=8635
[2020-02-08 00:46:30] [DEBUG] WSOLA_PROCESS_LOOP_ITER: iter=33, out_written=2656, H_s_eff=83
[2020-02-08 00:46:30] [DEBUG] find_best_match: Final offset=329, Correlation=0.8258, ConsecLowCorr=0
[2020-02-08 00:46:30] [DEBUG] WSOLA_DISCARD_CHECK: iter=33, min_retain_abs=16107, ring_start_abs=15941, content_before=8635, samples_to_discard_calc=166
[2020-02-08 00:46:30] [DEBUG] WSOLA_DISCARD_DONE: iter=33, discarded=166, new_ring_start_abs=16107, new_read_pos=1474, new_content=8469
[2020-02-08 00:46:30] [DEBUG] WSOLA_PROCESS_LOOP_ITER: iter=34, out_written=2739, H_s_eff=83
[2020-02-08 00:46:30] [DEBUG] find_best_match: Final offset=232, Correlation=0.8869, ConsecLowCorr=0
[2020-02-08 00:46:30] [DEBUG] WSOLA_DISCARD_CHECK: iter=34, min_retain_abs=16273, ring_start_abs=16107, content_before=8469, samples_to_discard_calc=166
[2020-02-08 00:46:30] [DEBUG] WSOLA_DISCARD_DONE: iter=34, discarded=166, new_ring_start_abs=16273, new_read_pos=1640, new_content=8303
[2020-02-08 00:46:30] [DEBUG] WSOLA_PROCESS_LOOP_ITER: iter=35, out_written=2822, H_s_eff=83
[2020-02-08 00:46:30] [DEBUG] find_best_match: Final offset=134, Correlation=0.7419, ConsecLowCorr=0
[2020-02-08 00:46:30] [DEBUG] WSOLA_DISCARD_CHECK: iter=35, min_retain_abs=16439, ring_start_abs=16273, content_before=8303, samples_to_discard_calc=166
[2020-02-08 00:46:30] [DEBUG] WSOLA_DISCARD_DONE: iter=35, discarded=166, new_ring_start_abs=16439, new_read_pos=1806, new_content=8137
[2020-02-08 00:46:30] [DEBUG] WSOLA_PROCESS_LOOP_ITER: iter=36, out_written=2905, H_s_eff=83
[2020-02-08 00:46:30] [DEBUG] find_best_match: Large offset jump smoothed: 300 -> 217
[2020-02-08 00:46:30] [DEBUG] find_best_match: Final offset=217, Correlation=0.9743, ConsecLowCorr=0
[2020-02-08 00:46:30] [DEBUG] WSOLA_DISCARD_CHECK: iter=36, min_retain_abs=16605, ring_start_abs=16439, content_before=8137, samples_to_discard_calc=166
[2020-02-08 00:46:30] [DEBUG] WSOLA_DISCARD_DONE: iter=36, discarded=166, new_ring_start_abs=16605, new_read_pos=1972, new_content=7971
[2020-02-08 00:46:30] [DEBUG] WSOLA_PROCESS_LOOP_ITER: iter=37, out_written=2988, H_s_eff=83
[2020-02-08 00:46:30] [DEBUG] find_best_match: Final offset=116, Correlation=0.7255, ConsecLowCorr=0
[2020-02-08 00:46:30] [DEBUG] WSOLA_DISCARD_CHECK: iter=37, min_retain_abs=16771, ring_start_abs=16605, content_before=7971, samples_to_discard_calc=166
[2020-02-08 00:46:30] [DEBUG] WSOLA_DISCARD_DONE: iter=37, discarded=166, new_ring_start_abs=16771, new_read_pos=2138, new_content=7805
[2020-02-08 00:46:30] [DEBUG] WSOLA_PROCESS_LOOP_ITER: iter=38, out_written=3071, H_s_eff=83
[2020-02-08 00:46:30] [DEBUG] find_best_match: Large offset jump smoothed: 282 -> 199
[2020-02-08 00:46:30] [DEBUG] find_best_match: Final offset=199, Correlation=0.9829, ConsecLowCorr=0
[2020-02-08 00:46:30] [DEBUG] WSOLA_DISCARD_CHECK: iter=38, min_retain_abs=16937, ring_start_abs=16771, content_before=7805, samples_to_discard_calc=166
[2020-02-08 00:46:30] [DEBUG] WSOLA_DISCARD_DONE: iter=38, discarded=166, new_ring_start_abs=16937, new_read_pos=2304, new_content=7639
[2020-02-08 00:46:30] [DEBUG] WSOLA_PROCESS_LOOP_ITER: iter=39, out_written=3154, H_s_eff=83
[2020-02-08 00:46:30] [DEBUG] find_best_match: Final offset=98, Correlation=0.7284, ConsecLowCorr=0
[2020-02-08 00:46:30] [DEBUG] WSOLA_DISCARD_CHECK: iter=39, min_retain_abs=17103, ring_start_abs=16937, content_before=7639, samples_to_discard_calc=166
[2020-02-08 00:46:30] [DEBUG] WSOLA_DISCARD_DONE: iter=39, discarded=166, new_ring_start_abs=17103, new_read_pos=2470, new_content=7473
[2020-02-08 00:46:30] [DEBUG] WSOLA_PROCESS_LOOP_ITER: iter=40, out_written=3237, H_s_eff=83
[2020-02-08 00:46:30] [DEBUG] find_best_match: Final offset=263, Correlation=0.9739, ConsecLowCorr=0
[2020-02-08 00:46:30] [DEBUG] WSOLA_DISCARD_CHECK: iter=40, min_retain_abs=17269, ring_start_abs=17103, content_before=7473, samples_to_discard_calc=166
[2020-02-08 00:46:30] [DEBUG] WSOLA_DISCARD_DONE: iter=40, discarded=166, new_ring_start_abs=17269, new_read_pos=2636, new_content=7307
[2020-02-08 00:46:30] [DEBUG] WSOLA_PROCESS_LOOP_ITER: iter=41, out_written=3320, H_s_eff=83
[2020-02-08 00:46:30] [DEBUG] find_best_match: Final offset=166, Correlation=0.8172, ConsecLowCorr=0
[2020-02-08 00:46:30] [DEBUG] WSOLA_DISCARD_CHECK: iter=41, min_retain_abs=17435, ring_start_abs=17269, content_before=7307, samples_to_discard_calc=166
[2020-02-08 00:46:30] [DEBUG] WSOLA_DISCARD_DONE: iter=41, discarded=166, new_ring_start_abs=17435, new_read_pos=2802, new_content=7141
[2020-02-08 00:46:30] [DEBUG] WSOLA_PROCESS_LOOP_ITER: iter=42, out_written=3403, H_s_eff=83
[2020-02-08 00:46:30] [DEBUG] find_best_match: Final offset=329, Correlation=0.8258, ConsecLowCorr=0
[2020-02-08 00:46:30] [DEBUG] WSOLA_DISCARD_CHECK: iter=42, min_retain_abs=17601, ring_start_abs=17435, content_before=7141, samples_to_discard_calc=166
[2020-02-08 00:46:30] [DEBUG] WSOLA_DISCARD_DONE: iter=42, discarded=166, new_ring_start_abs=17601, new_read_pos=2968, new_content=6975
[2020-02-08 00:46:30] [DEBUG] WSOLA_PROCESS_LOOP_ITER: iter=43, out_written=3486, H_s_eff=83
[2020-02-08 00:46:30] [DEBUG] find_best_match: Final offset=232, Correlation=0.8869, ConsecLowCorr=0
[2020-02-08 00:46:30] [DEBUG] WSOLA_DISCARD_CHECK: iter=43, min_retain_abs=17767, ring_start_abs=17601, content_before=6975, samples_to_discard_calc=166
[2020-02-08 00:46:30] [DEBUG] WSOLA_DISCARD_DONE: iter=43, discarded=166, new_ring_start_abs=17767, new_read_pos=3134, new_content=6809
[2020-02-08 00:46:30] [DEBUG] WSOLA_PROCESS_LOOP_ITER: iter=44, out_written=3569, H_s_eff=83
[2020-02-08 00:46:30] [DEBUG] find_best_match: Final offset=134, Correlation=0.7419, ConsecLowCorr=0
[2020-02-08 00:46:30] [DEBUG] WSOLA_DISCARD_CHECK: iter=44, min_retain_abs=17933, ring_start_abs=17767, content_before=6809, samples_to_discard_calc=166
[2020-02-08 00:46:30] [DEBUG] WSOLA_DISCARD_DONE: iter=44, discarded=166, new_ring_start_abs=17933, new_read_pos=3300, new_content=6643
[2020-02-08 00:46:30] [DEBUG] WSOLA_PROCESS_LOOP_ITER: iter=45, out_written=3652, H_s_eff=83
[2020-02-08 00:46:30] [DEBUG] find_best_match: Large offset jump smoothed: 300 -> 217
[2020-02-08 00:46:30] [DEBUG] find_best_match: Final offset=217, Correlation=0.9743, ConsecLowCorr=0
[2020-02-08 00:46:30] [DEBUG] WSOLA_DISCARD_CHECK: iter=45, min_retain_abs=18099, ring_start_abs=17933, content_before=6643, samples_to_discard_calc=166
[2020-02-08 00:46:30] [DEBUG] WSOLA_DISCARD_DONE: iter=45, discarded=166, new_ring_start_abs=18099, new_read_pos=3466, new_content=6477
[2020-02-08 00:46:30] [DEBUG] WSOLA_PROCESS_LOOP_ITER: iter=46, out_written=3735, H_s_eff=83
[2020-02-08 00:46:30] [DEBUG] find_best_match: Final offset=116, Correlation=0.7255, ConsecLowCorr=0
[2020-02-08 00:46:30] [DEBUG] WSOLA_DISCARD_CHECK: iter=46, min_retain_abs=18265, ring_start_abs=18099, content_before=6477, samples_to_discard_calc=166
[2020-02-08 00:46:30] [DEBUG] WSOLA_DISCARD_DONE: iter=46, discarded=166, new_ring_start_abs=18265, new_read_pos=3632, new_content=6311
[2020-02-08 00:46:30] [DEBUG] WSOLA_PROCESS_LOOP_ITER: iter=47, out_written=3818, H_s_eff=83
[2020-02-08 00:46:30] [DEBUG] find_best_match: Large offset jump smoothed: 282 -> 199
[2020-02-08 00:46:30] [DEBUG] find_best_match: Final offset=199, Correlation=0.9829, ConsecLowCorr=0
[2020-02-08 00:46:30] [DEBUG] WSOLA_DISCARD_CHECK: iter=47, min_retain_abs=18431, ring_start_abs=18265, content_before=6311, samples_to_discard_calc=166
[2020-02-08 00:46:30] [DEBUG] WSOLA_DISCARD_DONE: iter=47, discarded=166, new_ring_start_abs=18431, new_read_pos=3798, new_content=6145
[2020-02-08 00:46:30] [DEBUG] WSOLA_PROCESS_LOOP_ITER: iter=48, out_written=3901, H_s_eff=83
[2020-02-08 00:46:30] [DEBUG] find_best_match: Final offset=98, Correlation=0.7284, ConsecLowCorr=0
[2020-02-08 00:46:30] [DEBUG] WSOLA_DISCARD_CHECK: iter=48, min_retain_abs=18597, ring_start_abs=18431, content_before=6145, samples_to_discard_calc=166
[2020-02-08 00:46:30] [DEBUG] WSOLA_DISCARD_DONE: iter=48, discarded=166, new_ring_start_abs=18597, new_read_pos=3964, new_content=5979
[2020-02-08 00:46:30] [DEBUG] WSOLA_PROCESS_LOOP_ITER: iter=49, out_written=3984, H_s_eff=83
[2020-02-08 00:46:30] [DEBUG] find_best_match: Final offset=263, Correlation=0.9739, ConsecLowCorr=0
[2020-02-08 00:46:30] [DEBUG] WSOLA_DISCARD_CHECK: iter=49, min_retain_abs=18763, ring_start_abs=18597, content_before=5979, samples_to_discard_calc=166
[2020-02-08 00:46:30] [DEBUG] WSOLA_DISCARD_DONE: iter=49, discarded=166, new_ring_start_abs=18763, new_read_pos=4130, new_content=5813
[2020-02-08 00:46:30] [DEBUG] WSOLA_PROCESS_LOOP_ITER: iter=50, out_written=4067, H_s_eff=83
[2020-02-08 00:46:30] [DEBUG] find_best_match: Final offset=166, Correlation=0.8172, ConsecLowCorr=0
[2020-02-08 00:46:30] [DEBUG] WSOLA_DISCARD_CHECK: iter=50, min_retain_abs=18929, ring_start_abs=18763, content_before=5813, samples_to_discard_calc=166
[2020-02-08 00:46:30] [DEBUG] WSOLA_DISCARD_DONE: iter=50, discarded=166, new_ring_start_abs=18929, new_read_pos=4296, new_content=5647
[2020-02-08 00:46:30] [DEBUG] WSOLA_PROCESS_LOOP_ITER: iter=51, out_written=4150, H_s_eff=83
[2020-02-08 00:46:30] [DEBUG] find_best_match: Final offset=329, Correlation=0.8258, ConsecLowCorr=0
[2020-02-08 00:46:30] [DEBUG] WSOLA_DISCARD_CHECK: iter=51, min_retain_abs=19095, ring_start_abs=18929, content_before=5647, samples_to_discard_calc=166
[2020-02-08 00:46:30] [DEBUG] WSOLA_DISCARD_DONE: iter=51, discarded=166, new_ring_start_abs=19095, new_read_pos=4462, new_content=5481
[2020-02-08 00:46:30] [DEBUG] WSOLA_PROCESS_LOOP_ITER: iter=52, out_written=4233, H_s_eff=83
[2020-02-08 00:46:30] [DEBUG] find_best_match: Final offset=232, Correlation=0.8869, ConsecLowCorr=0
[2020-02-08 00:46:30] [DEBUG] WSOLA_DISCARD_CHECK: iter=52, min_retain_abs=19261, ring_start_abs=19095, content_before=5481, samples_to_discard_calc=166
[2020-02-08 00:46:30] [DEBUG] WSOLA_DISCARD_DONE: iter=52, discarded=166, new_ring_start_abs=19261, new_read_pos=4628, new_content=5315
[2020-02-08 00:46:30] [DEBUG] WSOLA_PROCESS_LOOP_ITER: iter=53, out_written=4316, H_s_eff=83
[2020-02-08 00:46:30] [DEBUG] find_best_match: Final offset=134, Correlation=0.7419, ConsecLowCorr=0
[2020-02-08 00:46:30] [DEBUG] WSOLA_DISCARD_CHECK: iter=53, min_retain_abs=19427, ring_start_abs=19261, content_before=5315, samples_to_discard_calc=166
[2020-02-08 00:46:30] [DEBUG] WSOLA_DISCARD_DONE: iter=53, discarded=166, new_ring_start_abs=19427, new_read_pos=4794, new_content=5149
[2020-02-08 00:46:30] [DEBUG] WSOLA_PROCESS_LOOP_ITER: iter=54, out_written=4399, H_s_eff=83
[2020-02-08 00:46:30] [DEBUG] find_best_match: Large offset jump smoothed: 300 -> 217
[2020-02-08 00:46:30] [DEBUG] find_best_match: Final offset=217, Correlation=0.9743, ConsecLowCorr=0
[2020-02-08 00:46:30] [DEBUG] WSOLA_DISCARD_CHECK: iter=54, min_retain_abs=19593, ring_start_abs=19427, content_before=5149, samples_to_discard_calc=166
[2020-02-08 00:46:30] [DEBUG] WSOLA_DISCARD_DONE: iter=54, discarded=166, new_ring_start_abs=19593, new_read_pos=4960, new_content=4983
[2020-02-08 00:46:30] [DEBUG] WSOLA_PROCESS_LOOP_ITER: iter=55, out_written=4482, H_s_eff=83
[2020-02-08 00:46:30] [DEBUG] find_best_match: Final offset=116, Correlation=0.7255, ConsecLowCorr=0
[2020-02-08 00:46:30] [DEBUG] WSOLA_DISCARD_CHECK: iter=55, min_retain_abs=19759, ring_start_abs=19593, content_before=4983, samples_to_discard_calc=166
[2020-02-08 00:46:30] [DEBUG] WSOLA_DISCARD_DONE: iter=55, discarded=166, new_ring_start_abs=19759, new_read_pos=5126, new_content=4817
[2020-02-08 00:46:30] [DEBUG] WSOLA_PROCESS_LOOP_ITER: iter=56, out_written=4565, H_s_eff=83
[2020-02-08 00:46:30] [DEBUG] find_best_match: Large offset jump smoothed: 282 -> 199
[2020-02-08 00:46:30] [DEBUG] find_best_match: Final offset=199, Correlation=0.9829, ConsecLowCorr=0
[2020-02-08 00:46:30] [DEBUG] WSOLA_DISCARD_CHECK: iter=56, min_retain_abs=19925, ring_start_abs=19759, content_before=4817, samples_to_discard_calc=166
[2020-02-08 00:46:30] [DEBUG] WSOLA_DISCARD_DONE: iter=56, discarded=166, new_ring_start_abs=19925, new_read_pos=5292, new_content=4651
[2020-02-08 00:46:30] [DEBUG] WSOLA_PROCESS_LOOP_ITER: iter=57, out_written=4648, H_s_eff=83
[2020-02-08 00:46:30] [DEBUG] find_best_match: Final offset=98, Correlation=0.7284, ConsecLowCorr=0
[2020-02-08 00:46:30] [DEBUG] WSOLA_DISCARD_CHECK: iter=57, min_retain_abs=20091, ring_start_abs=19925, content_before=4651, samples_to_discard_calc=166
[2020-02-08 00:46:30] [DEBUG] WSOLA_DISCARD_DONE: iter=57, discarded=166, new_ring_start_abs=20091, new_read_pos=5458, new_content=4485
[2020-02-08 00:46:30] [DEBUG] WSOLA_PROCESS_LOOP_ITER: iter=58, out_written=4731, H_s_eff=83
