[2020-02-07 20:44:46] [INFO] MusicApp starting...
[2020-02-07 20:44:46] [INFO] Loading track 1/2: temple_of_love-sisters_of_mercy.wav
[2020-02-07 20:44:46] [INFO] wsola_init: WSOLA state initialized successfully. N=661, No=330, Ha=331, Sw=176, InputRingCap=14325
[2020-02-07 20:44:46] [WARNING] wsola_init: *state_ptr is not NULL. Potential memory leak. Destroying existing state first.
[2020-02-07 20:44:46] [INFO] wsola_destroy: WSOLA state destroyed.
[2020-02-07 20:44:46] [INFO] wsola_init: WSOLA state initialized successfully. N=661, No=330, Ha=331, Sw=176, InputRingCap=14325
[2020-02-07 20:44:46] [INFO] Volume control initialized. Use '+' to increase, '-' to decrease volume. 'p' to pause/resume. ',' for prev, '.' for next track. '['/']' for speed. '1'/'2'/'3' for EQ.
[2020-02-07 20:44:46] [DEBUG] WSOLA_PROCESS_ENTRY: num_input=12288, max_output=25237, current_speed=1.00, H_s_eff=331, input_content_start=12288
[2020-02-07 20:44:46] [DEBUG] WSOLA_PROCESS_LOOP_ITER: iter=1, out_written=0, H_s_eff=331
[2020-02-07 20:44:46] [DEBUG] WSOLA_DISCARD_CHECK: iter=1, min_retain_abs=0, ring_start_abs=0, content_before=12288, samples_to_discard_calc=0
[2020-02-07 20:44:46] [DEBUG] WSOLA_PROCESS_LOOP_ITER: iter=2, out_written=331, H_s_eff=331
[2020-02-07 20:44:46] [DEBUG] WSOLA_DISCARD_CHECK: iter=2, min_retain_abs=156, ring_start_abs=0, content_before=12288, samples_to_discard_calc=156
[2020-02-07 20:44:46] [DEBUG] WSOLA_DISCARD_DONE: iter=2, discarded=156, new_ring_start_abs=156, new_read_pos=156, new_content=12132
[2020-02-07 20:44:46] [DEBUG] WSOLA_PROCESS_LOOP_ITER: iter=3, out_written=662, H_s_eff=331
[2020-02-07 20:44:46] [DEBUG] WSOLA_DISCARD_CHECK: iter=3, min_retain_abs=487, ring_start_abs=156, content_before=12132, samples_to_discard_calc=331
[2020-02-07 20:44:46] [DEBUG] WSOLA_DISCARD_DONE: iter=3, discarded=331, new_ring_start_abs=487, new_read_pos=487, new_content=11801
[2020-02-07 20:44:46] [DEBUG] WSOLA_PROCESS_LOOP_ITER: iter=4, out_written=993, H_s_eff=331
[2020-02-07 20:44:46] [DEBUG] WSOLA_DISCARD_CHECK: iter=4, min_retain_abs=818, ring_start_abs=487, content_before=11801, samples_to_discard_calc=331
[2020-02-07 20:44:46] [DEBUG] WSOLA_DISCARD_DONE: iter=4, discarded=331, new_ring_start_abs=818, new_read_pos=818, new_content=11470
[2020-02-07 20:44:46] [DEBUG] WSOLA_PROCESS_LOOP_ITER: iter=5, out_written=1324, H_s_eff=331
[2020-02-07 20:44:46] [DEBUG] WSOLA_DISCARD_CHECK: iter=5, min_retain_abs=1149, ring_start_abs=818, content_before=11470, samples_to_discard_calc=331
[2020-02-07 20:44:46] [DEBUG] WSOLA_DISCARD_DONE: iter=5, discarded=331, new_ring_start_abs=1149, new_read_pos=1149, new_content=11139
[2020-02-07 20:44:46] [DEBUG] WSOLA_PROCESS_LOOP_ITER: iter=6, out_written=1655, H_s_eff=331
[2020-02-07 20:44:46] [DEBUG] WSOLA_DISCARD_CHECK: iter=6, min_retain_abs=1480, ring_start_abs=1149, content_before=11139, samples_to_discard_calc=331
[2020-02-07 20:44:46] [DEBUG] WSOLA_DISCARD_DONE: iter=6, discarded=331, new_ring_start_abs=1480, new_read_pos=1480, new_content=10808
[2020-02-07 20:44:46] [DEBUG] WSOLA_PROCESS_LOOP_ITER: iter=7, out_written=1986, H_s_eff=331
[2020-02-07 20:44:46] [DEBUG] WSOLA_DISCARD_CHECK: iter=7, min_retain_abs=1811, ring_start_abs=1480, content_before=10808, samples_to_discard_calc=331
[2020-02-07 20:44:46] [DEBUG] WSOLA_DISCARD_DONE: iter=7, discarded=331, new_ring_start_abs=1811, new_read_pos=1811, new_content=10477
[2020-02-07 20:44:46] [DEBUG] WSOLA_PROCESS_LOOP_ITER: iter=8, out_written=2317, H_s_eff=331
[2020-02-07 20:44:46] [DEBUG] WSOLA_DISCARD_CHECK: iter=8, min_retain_abs=2142, ring_start_abs=1811, content_before=10477, samples_to_discard_calc=331
[2020-02-07 20:44:46] [DEBUG] WSOLA_DISCARD_DONE: iter=8, discarded=331, new_ring_start_abs=2142, new_read_pos=2142, new_content=10146
[2020-02-07 20:44:46] [DEBUG] WSOLA_PROCESS_LOOP_ITER: iter=9, out_written=2648, H_s_eff=331
[2020-02-07 20:44:46] [DEBUG] WSOLA_DISCARD_CHECK: iter=9, min_retain_abs=2473, ring_start_abs=2142, content_before=10146, samples_to_discard_calc=331
[2020-02-07 20:44:46] [DEBUG] WSOLA_DISCARD_DONE: iter=9, discarded=331, new_ring_start_abs=2473, new_read_pos=2473, new_content=9815
[2020-02-07 20:44:46] [DEBUG] WSOLA_PROCESS_LOOP_ITER: iter=10, out_written=2979, H_s_eff=331
[2020-02-07 20:44:46] [DEBUG] WSOLA_DISCARD_CHECK: iter=10, min_retain_abs=2804, ring_start_abs=2473, content_before=9815, samples_to_discard_calc=331
[2020-02-07 20:44:46] [DEBUG] WSOLA_DISCARD_DONE: iter=10, discarded=331, new_ring_start_abs=2804, new_read_pos=2804, new_content=9484
[2020-02-07 20:44:46] [DEBUG] WSOLA_PROCESS_LOOP_ITER: iter=11, out_written=3310, H_s_eff=331
[2020-02-07 20:44:46] [DEBUG] WSOLA_DISCARD_CHECK: iter=11, min_retain_abs=3135, ring_start_abs=2804, content_before=9484, samples_to_discard_calc=331
[2020-02-07 20:44:46] [DEBUG] WSOLA_DISCARD_DONE: iter=11, discarded=331, new_ring_start_abs=3135, new_read_pos=3135, new_content=9153
[2020-02-07 20:44:46] [DEBUG] WSOLA_PROCESS_LOOP_ITER: iter=12, out_written=3641, H_s_eff=331
[2020-02-07 20:44:47] [DEBUG] WSOLA_DISCARD_CHECK: iter=12, min_retain_abs=3466, ring_start_abs=3135, content_before=9153, samples_to_discard_calc=331
[2020-02-07 20:44:47] [DEBUG] WSOLA_DISCARD_DONE: iter=12, discarded=331, new_ring_start_abs=3466, new_read_pos=3466, new_content=8822
[2020-02-07 20:44:47] [DEBUG] WSOLA_PROCESS_LOOP_ITER: iter=13, out_written=3972, H_s_eff=331
[2020-02-07 20:44:47] [DEBUG] WSOLA_DISCARD_CHECK: iter=13, min_retain_abs=3797, ring_start_abs=3466, content_before=8822, samples_to_discard_calc=331
[2020-02-07 20:44:47] [DEBUG] WSOLA_DISCARD_DONE: iter=13, discarded=331, new_ring_start_abs=3797, new_read_pos=3797, new_content=8491
[2020-02-07 20:44:47] [DEBUG] WSOLA_PROCESS_LOOP_ITER: iter=14, out_written=4303, H_s_eff=331
[2020-02-07 20:44:47] [DEBUG] WSOLA_DISCARD_CHECK: iter=14, min_retain_abs=4128, ring_start_abs=3797, content_before=8491, samples_to_discard_calc=331
[2020-02-07 20:44:47] [DEBUG] WSOLA_DISCARD_DONE: iter=14, discarded=331, new_ring_start_abs=4128, new_read_pos=4128, new_content=8160
[2020-02-07 20:44:47] [DEBUG] WSOLA_PROCESS_LOOP_ITER: iter=15, out_written=4634, H_s_eff=331
[2020-02-07 20:44:47] [DEBUG] WSOLA_DISCARD_CHECK: iter=15, min_retain_abs=4459, ring_start_abs=4128, content_before=8160, samples_to_discard_calc=331
[2020-02-07 20:44:47] [DEBUG] WSOLA_DISCARD_DONE: iter=15, discarded=331, new_ring_start_abs=4459, new_read_pos=4459, new_content=7829
[2020-02-07 20:44:47] [DEBUG] WSOLA_PROCESS_LOOP_ITER: iter=16, out_written=4965, H_s_eff=331
[2020-02-07 20:44:47] [DEBUG] WSOLA_DISCARD_CHECK: iter=16, min_retain_abs=4790, ring_start_abs=4459, content_before=7829, samples_to_discard_calc=331
[2020-02-07 20:44:47] [DEBUG] WSOLA_DISCARD_DONE: iter=16, discarded=331, new_ring_start_abs=4790, new_read_pos=4790, new_content=7498
[2020-02-07 20:44:47] [DEBUG] WSOLA_PROCESS_LOOP_ITER: iter=17, out_written=5296, H_s_eff=331
[2020-02-07 20:44:47] [DEBUG] WSOLA_DISCARD_CHECK: iter=17, min_retain_abs=5121, ring_start_abs=4790, content_before=7498, samples_to_discard_calc=331
[2020-02-07 20:44:47] [DEBUG] WSOLA_DISCARD_DONE: iter=17, discarded=331, new_ring_start_abs=5121, new_read_pos=5121, new_content=7167
[2020-02-07 20:44:47] [DEBUG] WSOLA_PROCESS_LOOP_ITER: iter=18, out_written=5627, H_s_eff=331
[2020-02-07 20:44:47] [DEBUG] WSOLA_DISCARD_CHECK: iter=18, min_retain_abs=5452, ring_start_abs=5121, content_before=7167, samples_to_discard_calc=331
[2020-02-07 20:44:47] [DEBUG] WSOLA_DISCARD_DONE: iter=18, discarded=331, new_ring_start_abs=5452, new_read_pos=5452, new_content=6836
[2020-02-07 20:44:47] [DEBUG] WSOLA_PROCESS_LOOP_ITER: iter=19, out_written=5958, H_s_eff=331
[2020-02-07 20:44:47] [DEBUG] WSOLA_DISCARD_CHECK: iter=19, min_retain_abs=5783, ring_start_abs=5452, content_before=6836, samples_to_discard_calc=331
[2020-02-07 20:44:47] [DEBUG] WSOLA_DISCARD_DONE: iter=19, discarded=331, new_ring_start_abs=5783, new_read_pos=5783, new_content=6505
[2020-02-07 20:44:47] [DEBUG] WSOLA_PROCESS_LOOP_ITER: iter=20, out_written=6289, H_s_eff=331
[2020-02-07 20:44:47] [DEBUG] WSOLA_DISCARD_CHECK: iter=20, min_retain_abs=6114, ring_start_abs=5783, content_before=6505, samples_to_discard_calc=331
[2020-02-07 20:44:47] [DEBUG] WSOLA_DISCARD_DONE: iter=20, discarded=331, new_ring_start_abs=6114, new_read_pos=6114, new_content=6174
[2020-02-07 20:44:47] [DEBUG] WSOLA_PROCESS_LOOP_ITER: iter=21, out_written=6620, H_s_eff=331
[2020-02-07 20:44:47] [DEBUG] WSOLA_DISCARD_CHECK: iter=21, min_retain_abs=6445, ring_start_abs=6114, content_before=6174, samples_to_discard_calc=331
[2020-02-07 20:44:47] [DEBUG] WSOLA_DISCARD_DONE: iter=21, discarded=331, new_ring_start_abs=6445, new_read_pos=6445, new_content=5843
[2020-02-07 20:44:47] [DEBUG] WSOLA_PROCESS_LOOP_ITER: iter=22, out_written=6951, H_s_eff=331
[2020-02-07 20:44:47] [DEBUG] WSOLA_DISCARD_CHECK: iter=22, min_retain_abs=6776, ring_start_abs=6445, content_before=5843, samples_to_discard_calc=331
[2020-02-07 20:44:47] [DEBUG] WSOLA_DISCARD_DONE: iter=22, discarded=331, new_ring_start_abs=6776, new_read_pos=6776, new_content=5512
[2020-02-07 20:44:47] [DEBUG] WSOLA_PROCESS_LOOP_ITER: iter=23, out_written=7282, H_s_eff=331
[2020-02-07 20:44:47] [DEBUG] WSOLA_DISCARD_CHECK: iter=23, min_retain_abs=7107, ring_start_abs=6776, content_before=5512, samples_to_discard_calc=331
[2020-02-07 20:44:47] [DEBUG] WSOLA_DISCARD_DONE: iter=23, discarded=331, new_ring_start_abs=7107, new_read_pos=7107, new_content=5181
[2020-02-07 20:44:47] [DEBUG] WSOLA_PROCESS_LOOP_ITER: iter=24, out_written=7613, H_s_eff=331
[2020-02-07 20:44:47] [DEBUG] WSOLA_DISCARD_CHECK: iter=24, min_retain_abs=7438, ring_start_abs=7107, content_before=5181, samples_to_discard_calc=331
[2020-02-07 20:44:47] [DEBUG] WSOLA_DISCARD_DONE: iter=24, discarded=331, new_ring_start_abs=7438, new_read_pos=7438, new_content=4850
[2020-02-07 20:44:47] [DEBUG] WSOLA_PROCESS_LOOP_ITER: iter=25, out_written=7944, H_s_eff=331
[2020-02-07 20:44:47] [DEBUG] WSOLA_DISCARD_CHECK: iter=25, min_retain_abs=7769, ring_start_abs=7438, content_before=4850, samples_to_discard_calc=331
[2020-02-07 20:44:47] [DEBUG] WSOLA_DISCARD_DONE: iter=25, discarded=331, new_ring_start_abs=7769, new_read_pos=7769, new_content=4519
[2020-02-07 20:44:47] [DEBUG] WSOLA_PROCESS_LOOP_ITER: iter=26, out_written=8275, H_s_eff=331
[2020-02-07 20:44:47] [DEBUG] WSOLA_DISCARD_CHECK: iter=26, min_retain_abs=8100, ring_start_abs=7769, content_before=4519, samples_to_discard_calc=331
[2020-02-07 20:44:47] [DEBUG] WSOLA_DISCARD_DONE: iter=26, discarded=331, new_ring_start_abs=8100, new_read_pos=8100, new_content=4188
[2020-02-07 20:44:47] [DEBUG] WSOLA_PROCESS_LOOP_ITER: iter=27, out_written=8606, H_s_eff=331
[2020-02-07 20:44:47] [DEBUG] WSOLA_DISCARD_CHECK: iter=27, min_retain_abs=8431, ring_start_abs=8100, content_before=4188, samples_to_discard_calc=331
[2020-02-07 20:44:47] [DEBUG] WSOLA_DISCARD_DONE: iter=27, discarded=331, new_ring_start_abs=8431, new_read_pos=8431, new_content=3857
[2020-02-07 20:44:47] [DEBUG] WSOLA_PROCESS_LOOP_ITER: iter=28, out_written=8937, H_s_eff=331
[2020-02-07 20:44:47] [DEBUG] WSOLA_DISCARD_CHECK: iter=28, min_retain_abs=8762, ring_start_abs=8431, content_before=3857, samples_to_discard_calc=331
[2020-02-07 20:44:47] [DEBUG] WSOLA_DISCARD_DONE: iter=28, discarded=331, new_ring_start_abs=8762, new_read_pos=8762, new_content=3526
[2020-02-07 20:44:47] [DEBUG] WSOLA_PROCESS_LOOP_ITER: iter=29, out_written=9268, H_s_eff=331
[2020-02-07 20:44:47] [DEBUG] WSOLA_DISCARD_CHECK: iter=29, min_retain_abs=9093, ring_start_abs=8762, content_before=3526, samples_to_discard_calc=331
[2020-02-07 20:44:47] [DEBUG] WSOLA_DISCARD_DONE: iter=29, discarded=331, new_ring_start_abs=9093, new_read_pos=9093, new_content=3195
[2020-02-07 20:44:47] [DEBUG] WSOLA_PROCESS_LOOP_ITER: iter=30, out_written=9599, H_s_eff=331
[2020-02-07 20:44:47] [DEBUG] WSOLA_DISCARD_CHECK: iter=30, min_retain_abs=9424, ring_start_abs=9093, content_before=3195, samples_to_discard_calc=331
[2020-02-07 20:44:47] [DEBUG] WSOLA_DISCARD_DONE: iter=30, discarded=331, new_ring_start_abs=9424, new_read_pos=9424, new_content=2864
[2020-02-07 20:44:47] [DEBUG] WSOLA_PROCESS_LOOP_ITER: iter=31, out_written=9930, H_s_eff=331
[2020-02-07 20:44:47] [DEBUG] WSOLA_DISCARD_CHECK: iter=31, min_retain_abs=9755, ring_start_abs=9424, content_before=2864, samples_to_discard_calc=331
[2020-02-07 20:44:47] [DEBUG] WSOLA_DISCARD_DONE: iter=31, discarded=331, new_ring_start_abs=9755, new_read_pos=9755, new_content=2533
[2020-02-07 20:44:47] [DEBUG] WSOLA_PROCESS_LOOP_ITER: iter=32, out_written=10261, H_s_eff=331
[2020-02-07 20:44:47] [DEBUG] WSOLA_DISCARD_CHECK: iter=32, min_retain_abs=10086, ring_start_abs=9755, content_before=2533, samples_to_discard_calc=331
[2020-02-07 20:44:47] [DEBUG] WSOLA_DISCARD_DONE: iter=32, discarded=331, new_ring_start_abs=10086, new_read_pos=10086, new_content=2202
[2020-02-07 20:44:47] [DEBUG] WSOLA_PROCESS_LOOP_ITER: iter=33, out_written=10592, H_s_eff=331
[2020-02-07 20:44:47] [DEBUG] WSOLA_DISCARD_CHECK: iter=33, min_retain_abs=10417, ring_start_abs=10086, content_before=2202, samples_to_discard_calc=331
[2020-02-07 20:44:47] [DEBUG] WSOLA_DISCARD_DONE: iter=33, discarded=331, new_ring_start_abs=10417, new_read_pos=10417, new_content=1871
[2020-02-07 20:44:47] [DEBUG] WSOLA_PROCESS_LOOP_ITER: iter=34, out_written=10923, H_s_eff=331
[2020-02-07 20:44:47] [DEBUG] WSOLA_DISCARD_CHECK: iter=34, min_retain_abs=10748, ring_start_abs=10417, content_before=1871, samples_to_discard_calc=331
[2020-02-07 20:44:47] [DEBUG] WSOLA_DISCARD_DONE: iter=34, discarded=331, new_ring_start_abs=10748, new_read_pos=10748, new_content=1540
[2020-02-07 20:44:47] [DEBUG] WSOLA_PROCESS_LOOP_ITER: iter=35, out_written=11254, H_s_eff=331
[2020-02-07 20:44:47] [DEBUG] WSOLA_DISCARD_CHECK: iter=35, min_retain_abs=11079, ring_start_abs=10748, content_before=1540, samples_to_discard_calc=331
[2020-02-07 20:44:47] [DEBUG] WSOLA_DISCARD_DONE: iter=35, discarded=331, new_ring_start_abs=11079, new_read_pos=11079, new_content=1209
[2020-02-07 20:44:47] [DEBUG] WSOLA_PROCESS_LOOP_ITER: iter=36, out_written=11585, H_s_eff=331
[2020-02-07 20:44:47] [DEBUG] WSOLA_LOOP_BREAK_NO_DATA: iter=36, avail=12288, req=12422
[2020-02-07 20:44:47] [DEBUG] WSOLA_PROCESS_EXIT: loop_iters=36, output_written=11585, input_content_end=1209, next_ideal_start=11585
[2020-02-07 20:44:47] [DEBUG] WSOLA_POST_DISCARD_CHECK: min_retain_abs=11079, ring_start_abs=11079, content_before=1209, samples_to_discard_calc=0
[2020-02-07 20:44:47] [DEBUG] WSOLA_PROCESS_ENTRY: num_input=12288, max_output=25237, current_speed=1.00, H_s_eff=331, input_content_start=13497
[2020-02-07 20:44:47] [DEBUG] WSOLA_PROCESS_LOOP_ITER: iter=1, out_written=0, H_s_eff=331
[2020-02-07 20:44:47] [DEBUG] WSOLA_DISCARD_CHECK: iter=1, min_retain_abs=11410, ring_start_abs=11079, content_before=13497, samples_to_discard_calc=331
[2020-02-07 20:44:47] [DEBUG] WSOLA_DISCARD_DONE: iter=1, discarded=331, new_ring_start_abs=11410, new_read_pos=11410, new_content=13166
[2020-02-07 20:44:47] [DEBUG] WSOLA_PROCESS_LOOP_ITER: iter=2, out_written=331, H_s_eff=331
[2020-02-07 20:44:47] [DEBUG] WSOLA_DISCARD_CHECK: iter=2, min_retain_abs=11741, ring_start_abs=11410, content_before=13166, samples_to_discard_calc=331
[2020-02-07 20:44:47] [DEBUG] WSOLA_DISCARD_DONE: iter=2, discarded=331, new_ring_start_abs=11741, new_read_pos=11741, new_content=12835
[2020-02-07 20:44:47] [DEBUG] WSOLA_PROCESS_LOOP_ITER: iter=3, out_written=662, H_s_eff=331
[2020-02-07 20:44:47] [DEBUG] WSOLA_DISCARD_CHECK: iter=3, min_retain_abs=12072, ring_start_abs=11741, content_before=12835, samples_to_discard_calc=331
[2020-02-07 20:44:47] [DEBUG] WSOLA_DISCARD_DONE: iter=3, discarded=331, new_ring_start_abs=12072, new_read_pos=12072, new_content=12504
[2020-02-07 20:44:47] [DEBUG] WSOLA_PROCESS_LOOP_ITER: iter=4, out_written=993, H_s_eff=331
[2020-02-07 20:44:47] [DEBUG] WSOLA_DISCARD_CHECK: iter=4, min_retain_abs=12403, ring_start_abs=12072, content_before=12504, samples_to_discard_calc=331
[2020-02-07 20:44:47] [DEBUG] WSOLA_DISCARD_DONE: iter=4, discarded=331, new_ring_start_abs=12403, new_read_pos=12403, new_content=12173
[2020-02-07 20:44:47] [DEBUG] WSOLA_PROCESS_LOOP_ITER: iter=5, out_written=1324, H_s_eff=331
[2020-02-07 20:44:47] [DEBUG] WSOLA_DISCARD_CHECK: iter=5, min_retain_abs=12734, ring_start_abs=12403, content_before=12173, samples_to_discard_calc=331
[2020-02-07 20:44:47] [DEBUG] WSOLA_DISCARD_DONE: iter=5, discarded=331, new_ring_start_abs=12734, new_read_pos=12734, new_content=11842
[2020-02-07 20:44:47] [DEBUG] WSOLA_PROCESS_LOOP_ITER: iter=6, out_written=1655, H_s_eff=331
[2020-02-07 20:44:47] [DEBUG] WSOLA_DISCARD_CHECK: iter=6, min_retain_abs=13065, ring_start_abs=12734, content_before=11842, samples_to_discard_calc=331
[2020-02-07 20:44:47] [DEBUG] WSOLA_DISCARD_DONE: iter=6, discarded=331, new_ring_start_abs=13065, new_read_pos=13065, new_content=11511
[2020-02-07 20:44:47] [DEBUG] WSOLA_PROCESS_LOOP_ITER: iter=7, out_written=1986, H_s_eff=331
[2020-02-07 20:44:47] [DEBUG] WSOLA_DISCARD_CHECK: iter=7, min_retain_abs=13396, ring_start_abs=13065, content_before=11511, samples_to_discard_calc=331
[2020-02-07 20:44:47] [DEBUG] WSOLA_DISCARD_DONE: iter=7, discarded=331, new_ring_start_abs=13396, new_read_pos=13396, new_content=11180
[2020-02-07 20:44:47] [DEBUG] WSOLA_PROCESS_LOOP_ITER: iter=8, out_written=2317, H_s_eff=331
[2020-02-07 20:44:47] [DEBUG] WSOLA_DISCARD_CHECK: iter=8, min_retain_abs=13727, ring_start_abs=13396, content_before=11180, samples_to_discard_calc=331
[2020-02-07 20:44:47] [DEBUG] WSOLA_DISCARD_DONE: iter=8, discarded=331, new_ring_start_abs=13727, new_read_pos=13727, new_content=10849
[2020-02-07 20:44:47] [DEBUG] WSOLA_PROCESS_LOOP_ITER: iter=9, out_written=2648, H_s_eff=331
[2020-02-07 20:44:47] [DEBUG] WSOLA_DISCARD_CHECK: iter=9, min_retain_abs=14058, ring_start_abs=13727, content_before=10849, samples_to_discard_calc=331
[2020-02-07 20:44:47] [DEBUG] WSOLA_DISCARD_DONE: iter=9, discarded=331, new_ring_start_abs=14058, new_read_pos=14058, new_content=10518
[2020-02-07 20:44:47] [DEBUG] WSOLA_PROCESS_LOOP_ITER: iter=10, out_written=2979, H_s_eff=331
[2020-02-07 20:44:47] [DEBUG] WSOLA_DISCARD_CHECK: iter=10, min_retain_abs=14389, ring_start_abs=14058, content_before=10518, samples_to_discard_calc=331
[2020-02-07 20:44:47] [DEBUG] WSOLA_DISCARD_DONE: iter=10, discarded=331, new_ring_start_abs=14389, new_read_pos=64, new_content=10187
[2020-02-07 20:44:47] [DEBUG] WSOLA_PROCESS_LOOP_ITER: iter=11, out_written=3310, H_s_eff=331
[2020-02-07 20:44:47] [DEBUG] WSOLA_DISCARD_CHECK: iter=11, min_retain_abs=14720, ring_start_abs=14389, content_before=10187, samples_to_discard_calc=331
[2020-02-07 20:44:47] [DEBUG] WSOLA_DISCARD_DONE: iter=11, discarded=331, new_ring_start_abs=14720, new_read_pos=395, new_content=9856
[2020-02-07 20:44:47] [DEBUG] WSOLA_PROCESS_LOOP_ITER: iter=12, out_written=3641, H_s_eff=331
[2020-02-07 20:44:47] [DEBUG] WSOLA_DISCARD_CHECK: iter=12, min_retain_abs=15051, ring_start_abs=14720, content_before=9856, samples_to_discard_calc=331
[2020-02-07 20:44:47] [DEBUG] WSOLA_DISCARD_DONE: iter=12, discarded=331, new_ring_start_abs=15051, new_read_pos=726, new_content=9525
[2020-02-07 20:44:47] [DEBUG] WSOLA_PROCESS_LOOP_ITER: iter=13, out_written=3972, H_s_eff=331
[2020-02-07 20:44:47] [DEBUG] WSOLA_DISCARD_CHECK: iter=13, min_retain_abs=15382, ring_start_abs=15051, content_before=9525, samples_to_discard_calc=331
[2020-02-07 20:44:47] [DEBUG] WSOLA_DISCARD_DONE: iter=13, discarded=331, new_ring_start_abs=15382, new_read_pos=1057, new_content=9194
[2020-02-07 20:44:47] [DEBUG] WSOLA_PROCESS_LOOP_ITER: iter=14, out_written=4303, H_s_eff=331
[2020-02-07 20:44:47] [DEBUG] WSOLA_DISCARD_CHECK: iter=14, min_retain_abs=15713, ring_start_abs=15382, content_before=9194, samples_to_discard_calc=331
[2020-02-07 20:44:47] [DEBUG] WSOLA_DISCARD_DONE: iter=14, discarded=331, new_ring_start_abs=15713, new_read_pos=1388, new_content=8863
[2020-02-07 20:44:47] [DEBUG] WSOLA_PROCESS_LOOP_ITER: iter=15, out_written=4634, H_s_eff=331
[2020-02-07 20:44:47] [DEBUG] WSOLA_DISCARD_CHECK: iter=15, min_retain_abs=16044, ring_start_abs=15713, content_before=8863, samples_to_discard_calc=331
[2020-02-07 20:44:47] [DEBUG] WSOLA_DISCARD_DONE: iter=15, discarded=331, new_ring_start_abs=16044, new_read_pos=1719, new_content=8532
[2020-02-07 20:44:47] [DEBUG] WSOLA_PROCESS_LOOP_ITER: iter=16, out_written=4965, H_s_eff=331
[2020-02-07 20:44:47] [DEBUG] WSOLA_DISCARD_CHECK: iter=16, min_retain_abs=16375, ring_start_abs=16044, content_before=8532, samples_to_discard_calc=331
[2020-02-07 20:44:47] [DEBUG] WSOLA_DISCARD_DONE: iter=16, discarded=331, new_ring_start_abs=16375, new_read_pos=2050, new_content=8201
[2020-02-07 20:44:47] [DEBUG] WSOLA_PROCESS_LOOP_ITER: iter=17, out_written=5296, H_s_eff=331
[2020-02-07 20:44:47] [DEBUG] WSOLA_DISCARD_CHECK: iter=17, min_retain_abs=16706, ring_start_abs=16375, content_before=8201, samples_to_discard_calc=331
[2020-02-07 20:44:47] [DEBUG] WSOLA_DISCARD_DONE: iter=17, discarded=331, new_ring_start_abs=16706, new_read_pos=2381, new_content=7870
[2020-02-07 20:44:47] [DEBUG] WSOLA_PROCESS_LOOP_ITER: iter=18, out_written=5627, H_s_eff=331
[2020-02-07 20:44:47] [DEBUG] WSOLA_DISCARD_CHECK: iter=18, min_retain_abs=17037, ring_start_abs=16706, content_before=7870, samples_to_discard_calc=331
[2020-02-07 20:44:47] [DEBUG] WSOLA_DISCARD_DONE: iter=18, discarded=331, new_ring_start_abs=17037, new_read_pos=2712, new_content=7539
[2020-02-07 20:44:47] [DEBUG] WSOLA_PROCESS_LOOP_ITER: iter=19, out_written=5958, H_s_eff=331
[2020-02-07 20:44:47] [DEBUG] WSOLA_DISCARD_CHECK: iter=19, min_retain_abs=17368, ring_start_abs=17037, content_before=7539, samples_to_discard_calc=331
[2020-02-07 20:44:47] [DEBUG] WSOLA_DISCARD_DONE: iter=19, discarded=331, new_ring_start_abs=17368, new_read_pos=3043, new_content=7208
[2020-02-07 20:44:47] [DEBUG] WSOLA_PROCESS_LOOP_ITER: iter=20, out_written=6289, H_s_eff=331
[2020-02-07 20:44:47] [DEBUG] WSOLA_DISCARD_CHECK: iter=20, min_retain_abs=17699, ring_start_abs=17368, content_before=7208, samples_to_discard_calc=331
[2020-02-07 20:44:47] [DEBUG] WSOLA_DISCARD_DONE: iter=20, discarded=331, new_ring_start_abs=17699, new_read_pos=3374, new_content=6877
[2020-02-07 20:44:47] [DEBUG] WSOLA_PROCESS_LOOP_ITER: iter=21, out_written=6620, H_s_eff=331
[2020-02-07 20:44:47] [DEBUG] WSOLA_DISCARD_CHECK: iter=21, min_retain_abs=18030, ring_start_abs=17699, content_before=6877, samples_to_discard_calc=331
[2020-02-07 20:44:47] [DEBUG] WSOLA_DISCARD_DONE: iter=21, discarded=331, new_ring_start_abs=18030, new_read_pos=3705, new_content=6546
[2020-02-07 20:44:47] [DEBUG] WSOLA_PROCESS_LOOP_ITER: iter=22, out_written=6951, H_s_eff=331
[2020-02-07 20:44:47] [DEBUG] WSOLA_DISCARD_CHECK: iter=22, min_retain_abs=18361, ring_start_abs=18030, content_before=6546, samples_to_discard_calc=331
[2020-02-07 20:44:47] [DEBUG] WSOLA_DISCARD_DONE: iter=22, discarded=331, new_ring_start_abs=18361, new_read_pos=4036, new_content=6215
[2020-02-07 20:44:47] [DEBUG] WSOLA_PROCESS_LOOP_ITER: iter=23, out_written=7282, H_s_eff=331
[2020-02-07 20:44:48] [DEBUG] WSOLA_DISCARD_CHECK: iter=23, min_retain_abs=18692, ring_start_abs=18361, content_before=6215, samples_to_discard_calc=331
[2020-02-07 20:44:48] [DEBUG] WSOLA_DISCARD_DONE: iter=23, discarded=331, new_ring_start_abs=18692, new_read_pos=4367, new_content=5884
[2020-02-07 20:44:48] [DEBUG] WSOLA_PROCESS_LOOP_ITER: iter=24, out_written=7613, H_s_eff=331
[2020-02-07 20:44:48] [DEBUG] WSOLA_DISCARD_CHECK: iter=24, min_retain_abs=19023, ring_start_abs=18692, content_before=5884, samples_to_discard_calc=331
[2020-02-07 20:44:48] [DEBUG] WSOLA_DISCARD_DONE: iter=24, discarded=331, new_ring_start_abs=19023, new_read_pos=4698, new_content=5553
[2020-02-07 20:44:48] [DEBUG] WSOLA_PROCESS_LOOP_ITER: iter=25, out_written=7944, H_s_eff=331
[2020-02-07 20:44:48] [DEBUG] WSOLA_DISCARD_CHECK: iter=25, min_retain_abs=19354, ring_start_abs=19023, content_before=5553, samples_to_discard_calc=331
[2020-02-07 20:44:48] [DEBUG] WSOLA_DISCARD_DONE: iter=25, discarded=331, new_ring_start_abs=19354, new_read_pos=5029, new_content=5222
[2020-02-07 20:44:48] [DEBUG] WSOLA_PROCESS_LOOP_ITER: iter=26, out_written=8275, H_s_eff=331
[2020-02-07 20:44:48] [DEBUG] WSOLA_DISCARD_CHECK: iter=26, min_retain_abs=19685, ring_start_abs=19354, content_before=5222, samples_to_discard_calc=331
[2020-02-07 20:44:48] [DEBUG] WSOLA_DISCARD_DONE: iter=26, discarded=331, new_ring_start_abs=19685, new_read_pos=5360, new_content=4891
[2020-02-07 20:44:48] [DEBUG] WSOLA_PROCESS_LOOP_ITER: iter=27, out_written=8606, H_s_eff=331
[2020-02-07 20:44:48] [DEBUG] WSOLA_DISCARD_CHECK: iter=27, min_retain_abs=20016, ring_start_abs=19685, content_before=4891, samples_to_discard_calc=331
[2020-02-07 20:44:48] [DEBUG] WSOLA_DISCARD_DONE: iter=27, discarded=331, new_ring_start_abs=20016, new_read_pos=5691, new_content=4560
[2020-02-07 20:44:48] [DEBUG] WSOLA_PROCESS_LOOP_ITER: iter=28, out_written=8937, H_s_eff=331
[2020-02-07 20:44:48] [DEBUG] WSOLA_DISCARD_CHECK: iter=28, min_retain_abs=20347, ring_start_abs=20016, content_before=4560, samples_to_discard_calc=331
[2020-02-07 20:44:48] [DEBUG] WSOLA_DISCARD_DONE: iter=28, discarded=331, new_ring_start_abs=20347, new_read_pos=6022, new_content=4229
[2020-02-07 20:44:48] [DEBUG] WSOLA_PROCESS_LOOP_ITER: iter=29, out_written=9268, H_s_eff=331
[2020-02-07 20:44:48] [DEBUG] WSOLA_DISCARD_CHECK: iter=29, min_retain_abs=20678, ring_start_abs=20347, content_before=4229, samples_to_discard_calc=331
[2020-02-07 20:44:48] [DEBUG] WSOLA_DISCARD_DONE: iter=29, discarded=331, new_ring_start_abs=20678, new_read_pos=6353, new_content=3898
[2020-02-07 20:44:48] [DEBUG] WSOLA_PROCESS_LOOP_ITER: iter=30, out_written=9599, H_s_eff=331
[2020-02-07 20:44:48] [DEBUG] WSOLA_DISCARD_CHECK: iter=30, min_retain_abs=21009, ring_start_abs=20678, content_before=3898, samples_to_discard_calc=331
[2020-02-07 20:44:48] [DEBUG] WSOLA_DISCARD_DONE: iter=30, discarded=331, new_ring_start_abs=21009, new_read_pos=6684, new_content=3567
[2020-02-07 20:44:48] [DEBUG] WSOLA_PROCESS_LOOP_ITER: iter=31, out_written=9930, H_s_eff=331
[2020-02-07 20:44:48] [DEBUG] WSOLA_DISCARD_CHECK: iter=31, min_retain_abs=21340, ring_start_abs=21009, content_before=3567, samples_to_discard_calc=331
[2020-02-07 20:44:48] [DEBUG] WSOLA_DISCARD_DONE: iter=31, discarded=331, new_ring_start_abs=21340, new_read_pos=7015, new_content=3236
[2020-02-07 20:44:48] [DEBUG] WSOLA_PROCESS_LOOP_ITER: iter=32, out_written=10261, H_s_eff=331
[2020-02-07 20:44:48] [DEBUG] WSOLA_DISCARD_CHECK: iter=32, min_retain_abs=21671, ring_start_abs=21340, content_before=3236, samples_to_discard_calc=331
[2020-02-07 20:44:48] [DEBUG] WSOLA_DISCARD_DONE: iter=32, discarded=331, new_ring_start_abs=21671, new_read_pos=7346, new_content=2905
[2020-02-07 20:44:48] [DEBUG] WSOLA_PROCESS_LOOP_ITER: iter=33, out_written=10592, H_s_eff=331
[2020-02-07 20:44:48] [DEBUG] WSOLA_DISCARD_CHECK: iter=33, min_retain_abs=22002, ring_start_abs=21671, content_before=2905, samples_to_discard_calc=331
[2020-02-07 20:44:48] [DEBUG] WSOLA_DISCARD_DONE: iter=33, discarded=331, new_ring_start_abs=22002, new_read_pos=7677, new_content=2574
[2020-02-07 20:44:48] [DEBUG] WSOLA_PROCESS_LOOP_ITER: iter=34, out_written=10923, H_s_eff=331
[2020-02-07 20:44:48] [DEBUG] WSOLA_DISCARD_CHECK: iter=34, min_retain_abs=22333, ring_start_abs=22002, content_before=2574, samples_to_discard_calc=331
[2020-02-07 20:44:48] [DEBUG] WSOLA_DISCARD_DONE: iter=34, discarded=331, new_ring_start_abs=22333, new_read_pos=8008, new_content=2243
[2020-02-07 20:44:48] [DEBUG] WSOLA_PROCESS_LOOP_ITER: iter=35, out_written=11254, H_s_eff=331
[2020-02-07 20:44:48] [DEBUG] WSOLA_DISCARD_CHECK: iter=35, min_retain_abs=22664, ring_start_abs=22333, content_before=2243, samples_to_discard_calc=331
[2020-02-07 20:44:48] [DEBUG] WSOLA_DISCARD_DONE: iter=35, discarded=331, new_ring_start_abs=22664, new_read_pos=8339, new_content=1912
[2020-02-07 20:44:48] [DEBUG] WSOLA_PROCESS_LOOP_ITER: iter=36, out_written=11585, H_s_eff=331
[2020-02-07 20:44:48] [DEBUG] WSOLA_DISCARD_CHECK: iter=36, min_retain_abs=22995, ring_start_abs=22664, content_before=1912, samples_to_discard_calc=331
[2020-02-07 20:44:48] [DEBUG] WSOLA_DISCARD_DONE: iter=36, discarded=331, new_ring_start_abs=22995, new_read_pos=8670, new_content=1581
[2020-02-07 20:44:48] [DEBUG] WSOLA_PROCESS_LOOP_ITER: iter=37, out_written=11916, H_s_eff=331
[2020-02-07 20:44:48] [DEBUG] WSOLA_DISCARD_CHECK: iter=37, min_retain_abs=23326, ring_start_abs=22995, content_before=1581, samples_to_discard_calc=331
[2020-02-07 20:44:48] [DEBUG] WSOLA_DISCARD_DONE: iter=37, discarded=331, new_ring_start_abs=23326, new_read_pos=9001, new_content=1250
[2020-02-07 20:44:48] [DEBUG] WSOLA_PROCESS_LOOP_ITER: iter=38, out_written=12247, H_s_eff=331
[2020-02-07 20:44:48] [DEBUG] WSOLA_LOOP_BREAK_NO_DATA: iter=38, avail=24576, req=24669
[2020-02-07 20:44:48] [DEBUG] WSOLA_PROCESS_EXIT: loop_iters=38, output_written=12247, input_content_end=1250, next_ideal_start=23832
[2020-02-07 20:44:48] [DEBUG] WSOLA_POST_DISCARD_CHECK: min_retain_abs=23326, ring_start_abs=23326, content_before=1250, samples_to_discard_calc=0
[2020-02-07 20:44:48] [WARNING] ALSA underrun occurred (EPIPE), preparing interface.
[2020-02-07 20:44:48] [DEBUG] WSOLA_PROCESS_ENTRY: num_input=12288, max_output=25237, current_speed=1.00, H_s_eff=331, input_content_start=13538
[2020-02-07 20:44:48] [DEBUG] WSOLA_PROCESS_LOOP_ITER: iter=1, out_written=0, H_s_eff=331
[2020-02-07 20:44:48] [DEBUG] WSOLA_DISCARD_CHECK: iter=1, min_retain_abs=23657, ring_start_abs=23326, content_before=13538, samples_to_discard_calc=331
[2020-02-07 20:44:48] [DEBUG] WSOLA_DISCARD_DONE: iter=1, discarded=331, new_ring_start_abs=23657, new_read_pos=9332, new_content=13207
[2020-02-07 20:44:48] [DEBUG] WSOLA_PROCESS_LOOP_ITER: iter=2, out_written=331, H_s_eff=331
[2020-02-07 20:44:48] [DEBUG] WSOLA_DISCARD_CHECK: iter=2, min_retain_abs=23988, ring_start_abs=23657, content_before=13207, samples_to_discard_calc=331
[2020-02-07 20:44:48] [DEBUG] WSOLA_DISCARD_DONE: iter=2, discarded=331, new_ring_start_abs=23988, new_read_pos=9663, new_content=12876
[2020-02-07 20:44:48] [DEBUG] WSOLA_PROCESS_LOOP_ITER: iter=3, out_written=662, H_s_eff=331
[2020-02-07 20:44:48] [DEBUG] WSOLA_DISCARD_CHECK: iter=3, min_retain_abs=24319, ring_start_abs=23988, content_before=12876, samples_to_discard_calc=331
[2020-02-07 20:44:48] [DEBUG] WSOLA_DISCARD_DONE: iter=3, discarded=331, new_ring_start_abs=24319, new_read_pos=9994, new_content=12545
[2020-02-07 20:44:48] [DEBUG] WSOLA_PROCESS_LOOP_ITER: iter=4, out_written=993, H_s_eff=331
[2020-02-07 20:44:48] [DEBUG] WSOLA_DISCARD_CHECK: iter=4, min_retain_abs=24650, ring_start_abs=24319, content_before=12545, samples_to_discard_calc=331
[2020-02-07 20:44:48] [DEBUG] WSOLA_DISCARD_DONE: iter=4, discarded=331, new_ring_start_abs=24650, new_read_pos=10325, new_content=12214
[2020-02-07 20:44:48] [DEBUG] WSOLA_PROCESS_LOOP_ITER: iter=5, out_written=1324, H_s_eff=331
[2020-02-07 20:44:48] [DEBUG] WSOLA_DISCARD_CHECK: iter=5, min_retain_abs=24981, ring_start_abs=24650, content_before=12214, samples_to_discard_calc=331
[2020-02-07 20:44:48] [DEBUG] WSOLA_DISCARD_DONE: iter=5, discarded=331, new_ring_start_abs=24981, new_read_pos=10656, new_content=11883
[2020-02-07 20:44:48] [DEBUG] WSOLA_PROCESS_LOOP_ITER: iter=6, out_written=1655, H_s_eff=331
[2020-02-07 20:44:48] [DEBUG] WSOLA_DISCARD_CHECK: iter=6, min_retain_abs=25312, ring_start_abs=24981, content_before=11883, samples_to_discard_calc=331
[2020-02-07 20:44:48] [DEBUG] WSOLA_DISCARD_DONE: iter=6, discarded=331, new_ring_start_abs=25312, new_read_pos=10987, new_content=11552
[2020-02-07 20:44:48] [DEBUG] WSOLA_PROCESS_LOOP_ITER: iter=7, out_written=1986, H_s_eff=331
[2020-02-07 20:44:48] [DEBUG] WSOLA_DISCARD_CHECK: iter=7, min_retain_abs=25643, ring_start_abs=25312, content_before=11552, samples_to_discard_calc=331
[2020-02-07 20:44:48] [DEBUG] WSOLA_DISCARD_DONE: iter=7, discarded=331, new_ring_start_abs=25643, new_read_pos=11318, new_content=11221
[2020-02-07 20:44:48] [DEBUG] WSOLA_PROCESS_LOOP_ITER: iter=8, out_written=2317, H_s_eff=331
[2020-02-07 20:44:48] [DEBUG] WSOLA_DISCARD_CHECK: iter=8, min_retain_abs=25974, ring_start_abs=25643, content_before=11221, samples_to_discard_calc=331
[2020-02-07 20:44:48] [DEBUG] WSOLA_DISCARD_DONE: iter=8, discarded=331, new_ring_start_abs=25974, new_read_pos=11649, new_content=10890
[2020-02-07 20:44:48] [DEBUG] WSOLA_PROCESS_LOOP_ITER: iter=9, out_written=2648, H_s_eff=331
[2020-02-07 20:44:48] [DEBUG] WSOLA_DISCARD_CHECK: iter=9, min_retain_abs=26305, ring_start_abs=25974, content_before=10890, samples_to_discard_calc=331
[2020-02-07 20:44:48] [DEBUG] WSOLA_DISCARD_DONE: iter=9, discarded=331, new_ring_start_abs=26305, new_read_pos=11980, new_content=10559
[2020-02-07 20:44:48] [DEBUG] WSOLA_PROCESS_LOOP_ITER: iter=10, out_written=2979, H_s_eff=331
[2020-02-07 20:44:48] [DEBUG] WSOLA_DISCARD_CHECK: iter=10, min_retain_abs=26636, ring_start_abs=26305, content_before=10559, samples_to_discard_calc=331
[2020-02-07 20:44:48] [DEBUG] WSOLA_DISCARD_DONE: iter=10, discarded=331, new_ring_start_abs=26636, new_read_pos=12311, new_content=10228
[2020-02-07 20:44:48] [DEBUG] WSOLA_PROCESS_LOOP_ITER: iter=11, out_written=3310, H_s_eff=331
[2020-02-07 20:44:48] [DEBUG] WSOLA_DISCARD_CHECK: iter=11, min_retain_abs=26967, ring_start_abs=26636, content_before=10228, samples_to_discard_calc=331
[2020-02-07 20:44:48] [DEBUG] WSOLA_DISCARD_DONE: iter=11, discarded=331, new_ring_start_abs=26967, new_read_pos=12642, new_content=9897
[2020-02-07 20:44:48] [DEBUG] WSOLA_PROCESS_LOOP_ITER: iter=12, out_written=3641, H_s_eff=331
[2020-02-07 20:44:48] [DEBUG] WSOLA_DISCARD_CHECK: iter=12, min_retain_abs=27298, ring_start_abs=26967, content_before=9897, samples_to_discard_calc=331
[2020-02-07 20:44:48] [DEBUG] WSOLA_DISCARD_DONE: iter=12, discarded=331, new_ring_start_abs=27298, new_read_pos=12973, new_content=9566
[2020-02-07 20:44:48] [DEBUG] WSOLA_PROCESS_LOOP_ITER: iter=13, out_written=3972, H_s_eff=331
[2020-02-07 20:44:48] [DEBUG] WSOLA_DISCARD_CHECK: iter=13, min_retain_abs=27629, ring_start_abs=27298, content_before=9566, samples_to_discard_calc=331
[2020-02-07 20:44:48] [DEBUG] WSOLA_DISCARD_DONE: iter=13, discarded=331, new_ring_start_abs=27629, new_read_pos=13304, new_content=9235
[2020-02-07 20:44:48] [DEBUG] WSOLA_PROCESS_LOOP_ITER: iter=14, out_written=4303, H_s_eff=331
[2020-02-07 20:44:48] [DEBUG] WSOLA_DISCARD_CHECK: iter=14, min_retain_abs=27960, ring_start_abs=27629, content_before=9235, samples_to_discard_calc=331
[2020-02-07 20:44:48] [DEBUG] WSOLA_DISCARD_DONE: iter=14, discarded=331, new_ring_start_abs=27960, new_read_pos=13635, new_content=8904
[2020-02-07 20:44:48] [DEBUG] WSOLA_PROCESS_LOOP_ITER: iter=15, out_written=4634, H_s_eff=331
[2020-02-07 20:44:48] [DEBUG] WSOLA_DISCARD_CHECK: iter=15, min_retain_abs=28291, ring_start_abs=27960, content_before=8904, samples_to_discard_calc=331
[2020-02-07 20:44:48] [DEBUG] WSOLA_DISCARD_DONE: iter=15, discarded=331, new_ring_start_abs=28291, new_read_pos=13966, new_content=8573
[2020-02-07 20:44:48] [DEBUG] WSOLA_PROCESS_LOOP_ITER: iter=16, out_written=4965, H_s_eff=331
[2020-02-07 20:44:48] [DEBUG] WSOLA_DISCARD_CHECK: iter=16, min_retain_abs=28622, ring_start_abs=28291, content_before=8573, samples_to_discard_calc=331
[2020-02-07 20:44:48] [DEBUG] WSOLA_DISCARD_DONE: iter=16, discarded=331, new_ring_start_abs=28622, new_read_pos=14297, new_content=8242
[2020-02-07 20:44:48] [DEBUG] WSOLA_PROCESS_LOOP_ITER: iter=17, out_written=5296, H_s_eff=331
[2020-02-07 20:44:48] [DEBUG] WSOLA_DISCARD_CHECK: iter=17, min_retain_abs=28953, ring_start_abs=28622, content_before=8242, samples_to_discard_calc=331
[2020-02-07 20:44:48] [DEBUG] WSOLA_DISCARD_DONE: iter=17, discarded=331, new_ring_start_abs=28953, new_read_pos=303, new_content=7911
[2020-02-07 20:44:48] [DEBUG] WSOLA_PROCESS_LOOP_ITER: iter=18, out_written=5627, H_s_eff=331
[2020-02-07 20:44:48] [DEBUG] WSOLA_DISCARD_CHECK: iter=18, min_retain_abs=29284, ring_start_abs=28953, content_before=7911, samples_to_discard_calc=331
[2020-02-07 20:44:48] [DEBUG] WSOLA_DISCARD_DONE: iter=18, discarded=331, new_ring_start_abs=29284, new_read_pos=634, new_content=7580
[2020-02-07 20:44:48] [DEBUG] WSOLA_PROCESS_LOOP_ITER: iter=19, out_written=5958, H_s_eff=331
[2020-02-07 20:44:48] [DEBUG] WSOLA_DISCARD_CHECK: iter=19, min_retain_abs=29615, ring_start_abs=29284, content_before=7580, samples_to_discard_calc=331
[2020-02-07 20:44:48] [DEBUG] WSOLA_DISCARD_DONE: iter=19, discarded=331, new_ring_start_abs=29615, new_read_pos=965, new_content=7249
[2020-02-07 20:44:48] [DEBUG] WSOLA_PROCESS_LOOP_ITER: iter=20, out_written=6289, H_s_eff=331
[2020-02-07 20:44:48] [DEBUG] WSOLA_DISCARD_CHECK: iter=20, min_retain_abs=29946, ring_start_abs=29615, content_before=7249, samples_to_discard_calc=331
[2020-02-07 20:44:48] [DEBUG] WSOLA_DISCARD_DONE: iter=20, discarded=331, new_ring_start_abs=29946, new_read_pos=1296, new_content=6918
[2020-02-07 20:44:48] [DEBUG] WSOLA_PROCESS_LOOP_ITER: iter=21, out_written=6620, H_s_eff=331
[2020-02-07 20:44:48] [DEBUG] WSOLA_DISCARD_CHECK: iter=21, min_retain_abs=30277, ring_start_abs=29946, content_before=6918, samples_to_discard_calc=331
[2020-02-07 20:44:48] [DEBUG] WSOLA_DISCARD_DONE: iter=21, discarded=331, new_ring_start_abs=30277, new_read_pos=1627, new_content=6587
[2020-02-07 20:44:48] [DEBUG] WSOLA_PROCESS_LOOP_ITER: iter=22, out_written=6951, H_s_eff=331
[2020-02-07 20:44:48] [DEBUG] WSOLA_DISCARD_CHECK: iter=22, min_retain_abs=30608, ring_start_abs=30277, content_before=6587, samples_to_discard_calc=331
[2020-02-07 20:44:48] [DEBUG] WSOLA_DISCARD_DONE: iter=22, discarded=331, new_ring_start_abs=30608, new_read_pos=1958, new_content=6256
[2020-02-07 20:44:48] [DEBUG] WSOLA_PROCESS_LOOP_ITER: iter=23, out_written=7282, H_s_eff=331
[2020-02-07 20:44:48] [DEBUG] WSOLA_DISCARD_CHECK: iter=23, min_retain_abs=30939, ring_start_abs=30608, content_before=6256, samples_to_discard_calc=331
[2020-02-07 20:44:48] [DEBUG] WSOLA_DISCARD_DONE: iter=23, discarded=331, new_ring_start_abs=30939, new_read_pos=2289, new_content=5925
[2020-02-07 20:44:48] [DEBUG] WSOLA_PROCESS_LOOP_ITER: iter=24, out_written=7613, H_s_eff=331
[2020-02-07 20:44:48] [DEBUG] WSOLA_DISCARD_CHECK: iter=24, min_retain_abs=31270, ring_start_abs=30939, content_before=5925, samples_to_discard_calc=331
[2020-02-07 20:44:48] [DEBUG] WSOLA_DISCARD_DONE: iter=24, discarded=331, new_ring_start_abs=31270, new_read_pos=2620, new_content=5594
[2020-02-07 20:44:48] [DEBUG] WSOLA_PROCESS_LOOP_ITER: iter=25, out_written=7944, H_s_eff=331
[2020-02-07 20:44:48] [DEBUG] WSOLA_DISCARD_CHECK: iter=25, min_retain_abs=31601, ring_start_abs=31270, content_before=5594, samples_to_discard_calc=331
[2020-02-07 20:44:48] [DEBUG] WSOLA_DISCARD_DONE: iter=25, discarded=331, new_ring_start_abs=31601, new_read_pos=2951, new_content=5263
[2020-02-07 20:44:48] [DEBUG] WSOLA_PROCESS_LOOP_ITER: iter=26, out_written=8275, H_s_eff=331
[2020-02-07 20:44:48] [DEBUG] WSOLA_DISCARD_CHECK: iter=26, min_retain_abs=31932, ring_start_abs=31601, content_before=5263, samples_to_discard_calc=331
[2020-02-07 20:44:48] [DEBUG] WSOLA_DISCARD_DONE: iter=26, discarded=331, new_ring_start_abs=31932, new_read_pos=3282, new_content=4932
[2020-02-07 20:44:48] [DEBUG] WSOLA_PROCESS_LOOP_ITER: iter=27, out_written=8606, H_s_eff=331
[2020-02-07 20:44:48] [DEBUG] WSOLA_DISCARD_CHECK: iter=27, min_retain_abs=32263, ring_start_abs=31932, content_before=4932, samples_to_discard_calc=331
[2020-02-07 20:44:48] [DEBUG] WSOLA_DISCARD_DONE: iter=27, discarded=331, new_ring_start_abs=32263, new_read_pos=3613, new_content=4601
[2020-02-07 20:44:48] [DEBUG] WSOLA_PROCESS_LOOP_ITER: iter=28, out_written=8937, H_s_eff=331
[2020-02-07 20:44:48] [DEBUG] WSOLA_DISCARD_CHECK: iter=28, min_retain_abs=32594, ring_start_abs=32263, content_before=4601, samples_to_discard_calc=331
[2020-02-07 20:44:48] [DEBUG] WSOLA_DISCARD_DONE: iter=28, discarded=331, new_ring_start_abs=32594, new_read_pos=3944, new_content=4270
[2020-02-07 20:44:48] [DEBUG] WSOLA_PROCESS_LOOP_ITER: iter=29, out_written=9268, H_s_eff=331
[2020-02-07 20:44:48] [DEBUG] WSOLA_DISCARD_CHECK: iter=29, min_retain_abs=32925, ring_start_abs=32594, content_before=4270, samples_to_discard_calc=331
[2020-02-07 20:44:48] [DEBUG] WSOLA_DISCARD_DONE: iter=29, discarded=331, new_ring_start_abs=32925, new_read_pos=4275, new_content=3939
[2020-02-07 20:44:48] [DEBUG] WSOLA_PROCESS_LOOP_ITER: iter=30, out_written=9599, H_s_eff=331
[2020-02-07 20:44:48] [DEBUG] WSOLA_DISCARD_CHECK: iter=30, min_retain_abs=33256, ring_start_abs=32925, content_before=3939, samples_to_discard_calc=331
[2020-02-07 20:44:48] [DEBUG] WSOLA_DISCARD_DONE: iter=30, discarded=331, new_ring_start_abs=33256, new_read_pos=4606, new_content=3608
[2020-02-07 20:44:48] [DEBUG] WSOLA_PROCESS_LOOP_ITER: iter=31, out_written=9930, H_s_eff=331
[2020-02-07 20:44:48] [DEBUG] WSOLA_DISCARD_CHECK: iter=31, min_retain_abs=33587, ring_start_abs=33256, content_before=3608, samples_to_discard_calc=331
[2020-02-07 20:44:48] [DEBUG] WSOLA_DISCARD_DONE: iter=31, discarded=331, new_ring_start_abs=33587, new_read_pos=4937, new_content=3277
[2020-02-07 20:44:48] [DEBUG] WSOLA_PROCESS_LOOP_ITER: iter=32, out_written=10261, H_s_eff=331
[2020-02-07 20:44:49] [DEBUG] WSOLA_DISCARD_CHECK: iter=32, min_retain_abs=33918, ring_start_abs=33587, content_before=3277, samples_to_discard_calc=331
[2020-02-07 20:44:49] [DEBUG] WSOLA_DISCARD_DONE: iter=32, discarded=331, new_ring_start_abs=33918, new_read_pos=5268, new_content=2946
[2020-02-07 20:44:49] [DEBUG] WSOLA_PROCESS_LOOP_ITER: iter=33, out_written=10592, H_s_eff=331
[2020-02-07 20:44:49] [DEBUG] WSOLA_DISCARD_CHECK: iter=33, min_retain_abs=34249, ring_start_abs=33918, content_before=2946, samples_to_discard_calc=331
[2020-02-07 20:44:49] [DEBUG] WSOLA_DISCARD_DONE: iter=33, discarded=331, new_ring_start_abs=34249, new_read_pos=5599, new_content=2615
[2020-02-07 20:44:49] [DEBUG] WSOLA_PROCESS_LOOP_ITER: iter=34, out_written=10923, H_s_eff=331
[2020-02-07 20:44:49] [DEBUG] WSOLA_DISCARD_CHECK: iter=34, min_retain_abs=34580, ring_start_abs=34249, content_before=2615, samples_to_discard_calc=331
[2020-02-07 20:44:49] [DEBUG] WSOLA_DISCARD_DONE: iter=34, discarded=331, new_ring_start_abs=34580, new_read_pos=5930, new_content=2284
[2020-02-07 20:44:49] [DEBUG] WSOLA_PROCESS_LOOP_ITER: iter=35, out_written=11254, H_s_eff=331
[2020-02-07 20:44:49] [DEBUG] WSOLA_DISCARD_CHECK: iter=35, min_retain_abs=34911, ring_start_abs=34580, content_before=2284, samples_to_discard_calc=331
[2020-02-07 20:44:49] [DEBUG] WSOLA_DISCARD_DONE: iter=35, discarded=331, new_ring_start_abs=34911, new_read_pos=6261, new_content=1953
[2020-02-07 20:44:49] [DEBUG] WSOLA_PROCESS_LOOP_ITER: iter=36, out_written=11585, H_s_eff=331
[2020-02-07 20:44:49] [DEBUG] WSOLA_DISCARD_CHECK: iter=36, min_retain_abs=35242, ring_start_abs=34911, content_before=1953, samples_to_discard_calc=331
[2020-02-07 20:44:49] [DEBUG] WSOLA_DISCARD_DONE: iter=36, discarded=331, new_ring_start_abs=35242, new_read_pos=6592, new_content=1622
[2020-02-07 20:44:49] [DEBUG] WSOLA_PROCESS_LOOP_ITER: iter=37, out_written=11916, H_s_eff=331
[2020-02-07 20:44:49] [DEBUG] WSOLA_DISCARD_CHECK: iter=37, min_retain_abs=35573, ring_start_abs=35242, content_before=1622, samples_to_discard_calc=331
[2020-02-07 20:44:49] [DEBUG] WSOLA_DISCARD_DONE: iter=37, discarded=331, new_ring_start_abs=35573, new_read_pos=6923, new_content=1291
[2020-02-07 20:44:49] [DEBUG] WSOLA_PROCESS_LOOP_ITER: iter=38, out_written=12247, H_s_eff=331
[2020-02-07 20:44:49] [DEBUG] WSOLA_LOOP_BREAK_NO_DATA: iter=38, avail=36864, req=36916
[2020-02-07 20:44:49] [DEBUG] WSOLA_PROCESS_EXIT: loop_iters=38, output_written=12247, input_content_end=1291, next_ideal_start=36079
[2020-02-07 20:44:49] [DEBUG] WSOLA_POST_DISCARD_CHECK: min_retain_abs=35573, ring_start_abs=35573, content_before=1291, samples_to_discard_calc=0
[2020-02-07 20:44:49] [WARNING] ALSA underrun occurred (EPIPE), preparing interface.
[2020-02-07 20:44:49] [DEBUG] WSOLA_PROCESS_ENTRY: num_input=12288, max_output=25237, current_speed=1.00, H_s_eff=331, input_content_start=13579
[2020-02-07 20:44:49] [DEBUG] WSOLA_PROCESS_LOOP_ITER: iter=1, out_written=0, H_s_eff=331
[2020-02-07 20:44:49] [DEBUG] WSOLA_DISCARD_CHECK: iter=1, min_retain_abs=35904, ring_start_abs=35573, content_before=13579, samples_to_discard_calc=331
[2020-02-07 20:44:49] [DEBUG] WSOLA_DISCARD_DONE: iter=1, discarded=331, new_ring_start_abs=35904, new_read_pos=7254, new_content=13248
[2020-02-07 20:44:49] [DEBUG] WSOLA_PROCESS_LOOP_ITER: iter=2, out_written=331, H_s_eff=331
[2020-02-07 20:44:49] [DEBUG] WSOLA_DISCARD_CHECK: iter=2, min_retain_abs=36235, ring_start_abs=35904, content_before=13248, samples_to_discard_calc=331
[2020-02-07 20:44:49] [DEBUG] WSOLA_DISCARD_DONE: iter=2, discarded=331, new_ring_start_abs=36235, new_read_pos=7585, new_content=12917
[2020-02-07 20:44:49] [DEBUG] WSOLA_PROCESS_LOOP_ITER: iter=3, out_written=662, H_s_eff=331
[2020-02-07 20:44:49] [DEBUG] WSOLA_DISCARD_CHECK: iter=3, min_retain_abs=36566, ring_start_abs=36235, content_before=12917, samples_to_discard_calc=331
[2020-02-07 20:44:49] [DEBUG] WSOLA_DISCARD_DONE: iter=3, discarded=331, new_ring_start_abs=36566, new_read_pos=7916, new_content=12586
[2020-02-07 20:44:49] [DEBUG] WSOLA_PROCESS_LOOP_ITER: iter=4, out_written=993, H_s_eff=331
[2020-02-07 20:44:49] [DEBUG] WSOLA_DISCARD_CHECK: iter=4, min_retain_abs=36897, ring_start_abs=36566, content_before=12586, samples_to_discard_calc=331
[2020-02-07 20:44:49] [DEBUG] WSOLA_DISCARD_DONE: iter=4, discarded=331, new_ring_start_abs=36897, new_read_pos=8247, new_content=12255
[2020-02-07 20:44:49] [DEBUG] WSOLA_PROCESS_LOOP_ITER: iter=5, out_written=1324, H_s_eff=331
[2020-02-07 20:44:49] [DEBUG] WSOLA_DISCARD_CHECK: iter=5, min_retain_abs=37228, ring_start_abs=36897, content_before=12255, samples_to_discard_calc=331
[2020-02-07 20:44:49] [DEBUG] WSOLA_DISCARD_DONE: iter=5, discarded=331, new_ring_start_abs=37228, new_read_pos=8578, new_content=11924
[2020-02-07 20:44:49] [DEBUG] WSOLA_PROCESS_LOOP_ITER: iter=6, out_written=1655, H_s_eff=331
[2020-02-07 20:44:49] [DEBUG] WSOLA_DISCARD_CHECK: iter=6, min_retain_abs=37559, ring_start_abs=37228, content_before=11924, samples_to_discard_calc=331
[2020-02-07 20:44:49] [DEBUG] WSOLA_DISCARD_DONE: iter=6, discarded=331, new_ring_start_abs=37559, new_read_pos=8909, new_content=11593
[2020-02-07 20:44:49] [DEBUG] WSOLA_PROCESS_LOOP_ITER: iter=7, out_written=1986, H_s_eff=331
[2020-02-07 20:44:49] [DEBUG] WSOLA_DISCARD_CHECK: iter=7, min_retain_abs=37890, ring_start_abs=37559, content_before=11593, samples_to_discard_calc=331
[2020-02-07 20:44:49] [DEBUG] WSOLA_DISCARD_DONE: iter=7, discarded=331, new_ring_start_abs=37890, new_read_pos=9240, new_content=11262
[2020-02-07 20:44:49] [DEBUG] WSOLA_PROCESS_LOOP_ITER: iter=8, out_written=2317, H_s_eff=331
[2020-02-07 20:44:49] [DEBUG] WSOLA_DISCARD_CHECK: iter=8, min_retain_abs=38221, ring_start_abs=37890, content_before=11262, samples_to_discard_calc=331
[2020-02-07 20:44:49] [DEBUG] WSOLA_DISCARD_DONE: iter=8, discarded=331, new_ring_start_abs=38221, new_read_pos=9571, new_content=10931
[2020-02-07 20:44:49] [DEBUG] WSOLA_PROCESS_LOOP_ITER: iter=9, out_written=2648, H_s_eff=331
[2020-02-07 20:44:49] [DEBUG] WSOLA_DISCARD_CHECK: iter=9, min_retain_abs=38552, ring_start_abs=38221, content_before=10931, samples_to_discard_calc=331
[2020-02-07 20:44:49] [DEBUG] WSOLA_DISCARD_DONE: iter=9, discarded=331, new_ring_start_abs=38552, new_read_pos=9902, new_content=10600
[2020-02-07 20:44:49] [DEBUG] WSOLA_PROCESS_LOOP_ITER: iter=10, out_written=2979, H_s_eff=331
[2020-02-07 20:44:49] [DEBUG] WSOLA_DISCARD_CHECK: iter=10, min_retain_abs=38883, ring_start_abs=38552, content_before=10600, samples_to_discard_calc=331
[2020-02-07 20:44:49] [DEBUG] WSOLA_DISCARD_DONE: iter=10, discarded=331, new_ring_start_abs=38883, new_read_pos=10233, new_content=10269
[2020-02-07 20:44:49] [DEBUG] WSOLA_PROCESS_LOOP_ITER: iter=11, out_written=3310, H_s_eff=331
[2020-02-07 20:44:49] [DEBUG] WSOLA_DISCARD_CHECK: iter=11, min_retain_abs=39214, ring_start_abs=38883, content_before=10269, samples_to_discard_calc=331
[2020-02-07 20:44:49] [DEBUG] WSOLA_DISCARD_DONE: iter=11, discarded=331, new_ring_start_abs=39214, new_read_pos=10564, new_content=9938
[2020-02-07 20:44:49] [DEBUG] WSOLA_PROCESS_LOOP_ITER: iter=12, out_written=3641, H_s_eff=331
[2020-02-07 20:44:49] [DEBUG] WSOLA_DISCARD_CHECK: iter=12, min_retain_abs=39545, ring_start_abs=39214, content_before=9938, samples_to_discard_calc=331
[2020-02-07 20:44:49] [DEBUG] WSOLA_DISCARD_DONE: iter=12, discarded=331, new_ring_start_abs=39545, new_read_pos=10895, new_content=9607
[2020-02-07 20:44:49] [DEBUG] WSOLA_PROCESS_LOOP_ITER: iter=13, out_written=3972, H_s_eff=331
[2020-02-07 20:44:49] [DEBUG] WSOLA_DISCARD_CHECK: iter=13, min_retain_abs=39876, ring_start_abs=39545, content_before=9607, samples_to_discard_calc=331
[2020-02-07 20:44:49] [DEBUG] WSOLA_DISCARD_DONE: iter=13, discarded=331, new_ring_start_abs=39876, new_read_pos=11226, new_content=9276
[2020-02-07 20:44:49] [DEBUG] WSOLA_PROCESS_LOOP_ITER: iter=14, out_written=4303, H_s_eff=331
[2020-02-07 20:44:49] [DEBUG] WSOLA_DISCARD_CHECK: iter=14, min_retain_abs=40207, ring_start_abs=39876, content_before=9276, samples_to_discard_calc=331
[2020-02-07 20:44:49] [DEBUG] WSOLA_DISCARD_DONE: iter=14, discarded=331, new_ring_start_abs=40207, new_read_pos=11557, new_content=8945
[2020-02-07 20:44:49] [DEBUG] WSOLA_PROCESS_LOOP_ITER: iter=15, out_written=4634, H_s_eff=331
[2020-02-07 20:44:49] [DEBUG] WSOLA_DISCARD_CHECK: iter=15, min_retain_abs=40538, ring_start_abs=40207, content_before=8945, samples_to_discard_calc=331
[2020-02-07 20:44:49] [DEBUG] WSOLA_DISCARD_DONE: iter=15, discarded=331, new_ring_start_abs=40538, new_read_pos=11888, new_content=8614
[2020-02-07 20:44:49] [DEBUG] WSOLA_PROCESS_LOOP_ITER: iter=16, out_written=4965, H_s_eff=331
[2020-02-07 20:44:49] [DEBUG] WSOLA_DISCARD_CHECK: iter=16, min_retain_abs=40869, ring_start_abs=40538, content_before=8614, samples_to_discard_calc=331
[2020-02-07 20:44:49] [DEBUG] WSOLA_DISCARD_DONE: iter=16, discarded=331, new_ring_start_abs=40869, new_read_pos=12219, new_content=8283
[2020-02-07 20:44:49] [DEBUG] WSOLA_PROCESS_LOOP_ITER: iter=17, out_written=5296, H_s_eff=331
[2020-02-07 20:44:49] [DEBUG] WSOLA_DISCARD_CHECK: iter=17, min_retain_abs=41200, ring_start_abs=40869, content_before=8283, samples_to_discard_calc=331
[2020-02-07 20:44:49] [DEBUG] WSOLA_DISCARD_DONE: iter=17, discarded=331, new_ring_start_abs=41200, new_read_pos=12550, new_content=7952
[2020-02-07 20:44:49] [DEBUG] WSOLA_PROCESS_LOOP_ITER: iter=18, out_written=5627, H_s_eff=331
[2020-02-07 20:44:49] [DEBUG] WSOLA_DISCARD_CHECK: iter=18, min_retain_abs=41531, ring_start_abs=41200, content_before=7952, samples_to_discard_calc=331
[2020-02-07 20:44:49] [DEBUG] WSOLA_DISCARD_DONE: iter=18, discarded=331, new_ring_start_abs=41531, new_read_pos=12881, new_content=7621
[2020-02-07 20:44:49] [DEBUG] WSOLA_PROCESS_LOOP_ITER: iter=19, out_written=5958, H_s_eff=331
[2020-02-07 20:44:49] [DEBUG] WSOLA_DISCARD_CHECK: iter=19, min_retain_abs=41862, ring_start_abs=41531, content_before=7621, samples_to_discard_calc=331
[2020-02-07 20:44:49] [DEBUG] WSOLA_DISCARD_DONE: iter=19, discarded=331, new_ring_start_abs=41862, new_read_pos=13212, new_content=7290
[2020-02-07 20:44:49] [DEBUG] WSOLA_PROCESS_LOOP_ITER: iter=20, out_written=6289, H_s_eff=331
[2020-02-07 20:44:49] [DEBUG] WSOLA_DISCARD_CHECK: iter=20, min_retain_abs=42193, ring_start_abs=41862, content_before=7290, samples_to_discard_calc=331
[2020-02-07 20:44:49] [DEBUG] WSOLA_DISCARD_DONE: iter=20, discarded=331, new_ring_start_abs=42193, new_read_pos=13543, new_content=6959
[2020-02-07 20:44:49] [DEBUG] WSOLA_PROCESS_LOOP_ITER: iter=21, out_written=6620, H_s_eff=331
[2020-02-07 20:44:49] [DEBUG] WSOLA_DISCARD_CHECK: iter=21, min_retain_abs=42524, ring_start_abs=42193, content_before=6959, samples_to_discard_calc=331
[2020-02-07 20:44:49] [DEBUG] WSOLA_DISCARD_DONE: iter=21, discarded=331, new_ring_start_abs=42524, new_read_pos=13874, new_content=6628
[2020-02-07 20:44:49] [DEBUG] WSOLA_PROCESS_LOOP_ITER: iter=22, out_written=6951, H_s_eff=331
[2020-02-07 20:44:49] [DEBUG] WSOLA_DISCARD_CHECK: iter=22, min_retain_abs=42855, ring_start_abs=42524, content_before=6628, samples_to_discard_calc=331
[2020-02-07 20:44:49] [DEBUG] WSOLA_DISCARD_DONE: iter=22, discarded=331, new_ring_start_abs=42855, new_read_pos=14205, new_content=6297
[2020-02-07 20:44:49] [DEBUG] WSOLA_PROCESS_LOOP_ITER: iter=23, out_written=7282, H_s_eff=331
[2020-02-07 20:44:49] [DEBUG] WSOLA_DISCARD_CHECK: iter=23, min_retain_abs=43186, ring_start_abs=42855, content_before=6297, samples_to_discard_calc=331
[2020-02-07 20:44:49] [DEBUG] WSOLA_DISCARD_DONE: iter=23, discarded=331, new_ring_start_abs=43186, new_read_pos=211, new_content=5966
[2020-02-07 20:44:49] [DEBUG] WSOLA_PROCESS_LOOP_ITER: iter=24, out_written=7613, H_s_eff=331
[2020-02-07 20:44:49] [DEBUG] WSOLA_DISCARD_CHECK: iter=24, min_retain_abs=43517, ring_start_abs=43186, content_before=5966, samples_to_discard_calc=331
[2020-02-07 20:44:49] [DEBUG] WSOLA_DISCARD_DONE: iter=24, discarded=331, new_ring_start_abs=43517, new_read_pos=542, new_content=5635
[2020-02-07 20:44:49] [DEBUG] WSOLA_PROCESS_LOOP_ITER: iter=25, out_written=7944, H_s_eff=331
[2020-02-07 20:44:49] [DEBUG] WSOLA_DISCARD_CHECK: iter=25, min_retain_abs=43848, ring_start_abs=43517, content_before=5635, samples_to_discard_calc=331
[2020-02-07 20:44:49] [DEBUG] WSOLA_DISCARD_DONE: iter=25, discarded=331, new_ring_start_abs=43848, new_read_pos=873, new_content=5304
[2020-02-07 20:44:49] [DEBUG] WSOLA_PROCESS_LOOP_ITER: iter=26, out_written=8275, H_s_eff=331
[2020-02-07 20:44:49] [DEBUG] WSOLA_DISCARD_CHECK: iter=26, min_retain_abs=44179, ring_start_abs=43848, content_before=5304, samples_to_discard_calc=331
[2020-02-07 20:44:49] [DEBUG] WSOLA_DISCARD_DONE: iter=26, discarded=331, new_ring_start_abs=44179, new_read_pos=1204, new_content=4973
[2020-02-07 20:44:49] [DEBUG] WSOLA_PROCESS_LOOP_ITER: iter=27, out_written=8606, H_s_eff=331
[2020-02-07 20:44:49] [DEBUG] WSOLA_DISCARD_CHECK: iter=27, min_retain_abs=44510, ring_start_abs=44179, content_before=4973, samples_to_discard_calc=331
[2020-02-07 20:44:49] [DEBUG] WSOLA_DISCARD_DONE: iter=27, discarded=331, new_ring_start_abs=44510, new_read_pos=1535, new_content=4642
[2020-02-07 20:44:49] [DEBUG] WSOLA_PROCESS_LOOP_ITER: iter=28, out_written=8937, H_s_eff=331
[2020-02-07 20:44:49] [DEBUG] WSOLA_DISCARD_CHECK: iter=28, min_retain_abs=44841, ring_start_abs=44510, content_before=4642, samples_to_discard_calc=331
[2020-02-07 20:44:49] [DEBUG] WSOLA_DISCARD_DONE: iter=28, discarded=331, new_ring_start_abs=44841, new_read_pos=1866, new_content=4311
[2020-02-07 20:44:49] [DEBUG] WSOLA_PROCESS_LOOP_ITER: iter=29, out_written=9268, H_s_eff=331
[2020-02-07 20:44:49] [DEBUG] WSOLA_DISCARD_CHECK: iter=29, min_retain_abs=45172, ring_start_abs=44841, content_before=4311, samples_to_discard_calc=331
[2020-02-07 20:44:49] [DEBUG] WSOLA_DISCARD_DONE: iter=29, discarded=331, new_ring_start_abs=45172, new_read_pos=2197, new_content=3980
[2020-02-07 20:44:49] [DEBUG] WSOLA_PROCESS_LOOP_ITER: iter=30, out_written=9599, H_s_eff=331
[2020-02-07 20:44:49] [DEBUG] WSOLA_DISCARD_CHECK: iter=30, min_retain_abs=45503, ring_start_abs=45172, content_before=3980, samples_to_discard_calc=331
[2020-02-07 20:44:49] [DEBUG] WSOLA_DISCARD_DONE: iter=30, discarded=331, new_ring_start_abs=45503, new_read_pos=2528, new_content=3649
[2020-02-07 20:44:49] [DEBUG] WSOLA_PROCESS_LOOP_ITER: iter=31, out_written=9930, H_s_eff=331
[2020-02-07 20:44:49] [DEBUG] WSOLA_DISCARD_CHECK: iter=31, min_retain_abs=45834, ring_start_abs=45503, content_before=3649, samples_to_discard_calc=331
[2020-02-07 20:44:49] [DEBUG] WSOLA_DISCARD_DONE: iter=31, discarded=331, new_ring_start_abs=45834, new_read_pos=2859, new_content=3318
[2020-02-07 20:44:49] [DEBUG] WSOLA_PROCESS_LOOP_ITER: iter=32, out_written=10261, H_s_eff=331
[2020-02-07 20:44:49] [DEBUG] WSOLA_DISCARD_CHECK: iter=32, min_retain_abs=46165, ring_start_abs=45834, content_before=3318, samples_to_discard_calc=331
[2020-02-07 20:44:49] [DEBUG] WSOLA_DISCARD_DONE: iter=32, discarded=331, new_ring_start_abs=46165, new_read_pos=3190, new_content=2987
[2020-02-07 20:44:49] [DEBUG] WSOLA_PROCESS_LOOP_ITER: iter=33, out_written=10592, H_s_eff=331
[2020-02-07 20:44:49] [DEBUG] WSOLA_DISCARD_CHECK: iter=33, min_retain_abs=46496, ring_start_abs=46165, content_before=2987, samples_to_discard_calc=331
[2020-02-07 20:44:49] [DEBUG] WSOLA_DISCARD_DONE: iter=33, discarded=331, new_ring_start_abs=46496, new_read_pos=3521, new_content=2656
[2020-02-07 20:44:49] [DEBUG] WSOLA_PROCESS_LOOP_ITER: iter=34, out_written=10923, H_s_eff=331
[2020-02-07 20:44:49] [DEBUG] WSOLA_DISCARD_CHECK: iter=34, min_retain_abs=46827, ring_start_abs=46496, content_before=2656, samples_to_discard_calc=331
[2020-02-07 20:44:49] [DEBUG] WSOLA_DISCARD_DONE: iter=34, discarded=331, new_ring_start_abs=46827, new_read_pos=3852, new_content=2325
[2020-02-07 20:44:49] [DEBUG] WSOLA_PROCESS_LOOP_ITER: iter=35, out_written=11254, H_s_eff=331
[2020-02-07 20:44:49] [DEBUG] WSOLA_DISCARD_CHECK: iter=35, min_retain_abs=47158, ring_start_abs=46827, content_before=2325, samples_to_discard_calc=331
[2020-02-07 20:44:49] [DEBUG] WSOLA_DISCARD_DONE: iter=35, discarded=331, new_ring_start_abs=47158, new_read_pos=4183, new_content=1994
[2020-02-07 20:44:49] [DEBUG] WSOLA_PROCESS_LOOP_ITER: iter=36, out_written=11585, H_s_eff=331
[2020-02-07 20:44:49] [DEBUG] WSOLA_DISCARD_CHECK: iter=36, min_retain_abs=47489, ring_start_abs=47158, content_before=1994, samples_to_discard_calc=331
[2020-02-07 20:44:49] [DEBUG] WSOLA_DISCARD_DONE: iter=36, discarded=331, new_ring_start_abs=47489, new_read_pos=4514, new_content=1663
[2020-02-07 20:44:49] [DEBUG] WSOLA_PROCESS_LOOP_ITER: iter=37, out_written=11916, H_s_eff=331
[2020-02-07 20:44:49] [DEBUG] WSOLA_DISCARD_CHECK: iter=37, min_retain_abs=47820, ring_start_abs=47489, content_before=1663, samples_to_discard_calc=331
[2020-02-07 20:44:49] [DEBUG] WSOLA_DISCARD_DONE: iter=37, discarded=331, new_ring_start_abs=47820, new_read_pos=4845, new_content=1332
[2020-02-07 20:44:49] [DEBUG] WSOLA_PROCESS_LOOP_ITER: iter=38, out_written=12247, H_s_eff=331
[2020-02-07 20:44:49] [DEBUG] WSOLA_LOOP_BREAK_NO_DATA: iter=38, avail=49152, req=49163
[2020-02-07 20:44:49] [DEBUG] WSOLA_PROCESS_EXIT: loop_iters=38, output_written=12247, input_content_end=1332, next_ideal_start=48326
[2020-02-07 20:44:49] [DEBUG] WSOLA_POST_DISCARD_CHECK: min_retain_abs=47820, ring_start_abs=47820, content_before=1332, samples_to_discard_calc=0
[2020-02-07 20:44:49] [WARNING] ALSA underrun occurred (EPIPE), preparing interface.
[2020-02-07 20:44:50] [DEBUG] WSOLA_PROCESS_ENTRY: num_input=12288, max_output=25237, current_speed=1.00, H_s_eff=331, input_content_start=13620
[2020-02-07 20:44:50] [DEBUG] WSOLA_PROCESS_LOOP_ITER: iter=1, out_written=0, H_s_eff=331
[2020-02-07 20:44:50] [DEBUG] WSOLA_DISCARD_CHECK: iter=1, min_retain_abs=48151, ring_start_abs=47820, content_before=13620, samples_to_discard_calc=331
[2020-02-07 20:44:50] [DEBUG] WSOLA_DISCARD_DONE: iter=1, discarded=331, new_ring_start_abs=48151, new_read_pos=5176, new_content=13289
[2020-02-07 20:44:50] [DEBUG] WSOLA_PROCESS_LOOP_ITER: iter=2, out_written=331, H_s_eff=331
[2020-02-07 20:44:50] [DEBUG] WSOLA_DISCARD_CHECK: iter=2, min_retain_abs=48482, ring_start_abs=48151, content_before=13289, samples_to_discard_calc=331
[2020-02-07 20:44:50] [DEBUG] WSOLA_DISCARD_DONE: iter=2, discarded=331, new_ring_start_abs=48482, new_read_pos=5507, new_content=12958
[2020-02-07 20:44:50] [DEBUG] WSOLA_PROCESS_LOOP_ITER: iter=3, out_written=662, H_s_eff=331
[2020-02-07 20:44:50] [DEBUG] WSOLA_DISCARD_CHECK: iter=3, min_retain_abs=48813, ring_start_abs=48482, content_before=12958, samples_to_discard_calc=331
[2020-02-07 20:44:50] [DEBUG] WSOLA_DISCARD_DONE: iter=3, discarded=331, new_ring_start_abs=48813, new_read_pos=5838, new_content=12627
[2020-02-07 20:44:50] [DEBUG] WSOLA_PROCESS_LOOP_ITER: iter=4, out_written=993, H_s_eff=331
[2020-02-07 20:44:50] [DEBUG] WSOLA_DISCARD_CHECK: iter=4, min_retain_abs=49144, ring_start_abs=48813, content_before=12627, samples_to_discard_calc=331
[2020-02-07 20:44:50] [DEBUG] WSOLA_DISCARD_DONE: iter=4, discarded=331, new_ring_start_abs=49144, new_read_pos=6169, new_content=12296
[2020-02-07 20:44:50] [DEBUG] WSOLA_PROCESS_LOOP_ITER: iter=5, out_written=1324, H_s_eff=331
[2020-02-07 20:44:50] [DEBUG] WSOLA_DISCARD_CHECK: iter=5, min_retain_abs=49475, ring_start_abs=49144, content_before=12296, samples_to_discard_calc=331
[2020-02-07 20:44:50] [DEBUG] WSOLA_DISCARD_DONE: iter=5, discarded=331, new_ring_start_abs=49475, new_read_pos=6500, new_content=11965
[2020-02-07 20:44:50] [DEBUG] WSOLA_PROCESS_LOOP_ITER: iter=6, out_written=1655, H_s_eff=331
[2020-02-07 20:44:50] [DEBUG] WSOLA_DISCARD_CHECK: iter=6, min_retain_abs=49806, ring_start_abs=49475, content_before=11965, samples_to_discard_calc=331
[2020-02-07 20:44:50] [DEBUG] WSOLA_DISCARD_DONE: iter=6, discarded=331, new_ring_start_abs=49806, new_read_pos=6831, new_content=11634
[2020-02-07 20:44:50] [DEBUG] WSOLA_PROCESS_LOOP_ITER: iter=7, out_written=1986, H_s_eff=331
[2020-02-07 20:44:50] [DEBUG] WSOLA_DISCARD_CHECK: iter=7, min_retain_abs=50137, ring_start_abs=49806, content_before=11634, samples_to_discard_calc=331
[2020-02-07 20:44:50] [DEBUG] WSOLA_DISCARD_DONE: iter=7, discarded=331, new_ring_start_abs=50137, new_read_pos=7162, new_content=11303
[2020-02-07 20:44:50] [DEBUG] WSOLA_PROCESS_LOOP_ITER: iter=8, out_written=2317, H_s_eff=331
